<?xml version="1.0" encoding="UTF-8"?>
<TestRun id="965c40bc-960a-4a4e-aea7-ad6ac3bfa680" name="MURATGUMUS@MIKADEV-01 2014-12-30 13:11:47" runUser="MIKANETWORK\MURATGUMUS" xmlns="http://microsoft.com/schemas/VisualStudio/TeamTest/2010">
  <TestSettings name="Local" id="0427665a-af2f-4f7a-aeed-814af422a447">
    <Description>These are default test settings for a local test run.</Description>
    <Execution>
      <TestTypeSpecific>
        <UnitTestRunConfig testTypeId="13cdc9d9-ddb5-4fa4-a97d-d965ccfc6d4b">
          <AssemblyResolution>
            <TestDirectory useLoadContext="true" />
          </AssemblyResolution>
        </UnitTestRunConfig>
        <WebTestRunConfiguration testTypeId="4e7599fa-5ecb-43e9-a887-cd63cf72d207">
          <Browser name="Internet Explorer 9.0" MaxConnections="6">
            <Headers>
              <Header name="User-Agent" value="Mozilla/5.0 (compatible; MSIE 9.0; Windows NT 6.1; Trident/5.0)" />
              <Header name="Accept" value="*/*" />
              <Header name="Accept-Language" value="{{$IEAcceptLanguage}}" />
              <Header name="Accept-Encoding" value="GZIP" />
            </Headers>
          </Browser>
        </WebTestRunConfiguration>
      </TestTypeSpecific>
      <AgentRule name="LocalMachineDefaultRole">
      </AgentRule>
    </Execution>
    <Deployment runDeploymentRoot="MURATGUMUS_MIKADEV-01 2014-12-30 13_11_47" />
    <Properties>
      <Property name="TestSettingsUIType" value="UnitTest" />
    </Properties>
  </TestSettings>
  <Times creation="2014-12-30T13:11:47.7093409+02:00" queuing="2014-12-30T13:11:49.0569151+02:00" start="2014-12-30T13:11:49.1489717+02:00" finish="2014-12-30T13:16:34.5168288+02:00" />
  <ResultSummary outcome="Completed">
    <Counters total="1" error="0" failed="0" timeout="0" aborted="0" inconclusive="0" passedButRunAborted="0" notRunnable="0" notExecuted="0" disconnected="0" warning="0" passed="0" completed="0" inProgress="0" pending="0" />
  </ResultSummary>
  <TestDefinitions>
    <WebTest name="WebTest3" storage="c:\users\muratgumus\documents\visual studio 2013\projects\testproject\webloadtest\webtest3.webtest" id="a4cbb4eb-da83-43cb-9c2c-84010c6ef08a" persistedWebTest="77u/PD94bWwgdmVyc2lvbj0iMS4wIiBlbmNvZGluZz0iVVRGLTgiIHN0YW5kYWxvbmU9InllcyI/Pg0KPFdlYlRlc3QgTmFtZT0iV2ViVGVzdDMiIElkPSJhNGNiYjRlYi1kYTgzLTQzY2ItOWMyYy04NDAxMGM2ZWYwOGEiIE93bmVyPSIiIFByaW9yaXR5PSIyMTQ3NDgzNjQ3IiBFbmFibGVkPSJUcnVlIiBDc3NQcm9qZWN0U3RydWN0dXJlPSIiIENzc0l0ZXJhdGlvbj0iIiBUaW1lb3V0PSIwIiBXb3JrSXRlbUlkcz0iIiB4bWxucz0iaHR0cDovL21pY3Jvc29mdC5jb20vc2NoZW1hcy9WaXN1YWxTdHVkaW8vVGVhbVRlc3QvMjAxMCIgRGVzY3JpcHRpb249IiIgQ3JlZGVudGlhbFVzZXJOYW1lPSIiIENyZWRlbnRpYWxQYXNzd29yZD0iIiBQcmVBdXRoZW50aWNhdGU9IlRydWUiIFByb3h5PSJkZWZhdWx0IiBTdG9wT25FcnJvcj0iRmFsc2UiIFJlY29yZGVkUmVzdWx0RmlsZT0iV2ViVGVzdDMuMGYxZDg3ZDMtNGFjNy00NTBiLWI2NzItNDQ0MmVmOTJkMWNkLnJlYy53ZWJ0ZXN0cmVzdWx0IiBSZXN1bHRzTG9jYWxlPSIiPg0KICA8SXRlbXM+DQogICAgPFJlcXVlc3QgTWV0aG9kPSJHRVQiIEd1aWQ9IjE4OWExYzJiLWYyYjMtNDg3OC1hYWIyLWM2N2U1OGNiNjEyZCIgVmVyc2lvbj0iMS4xIiBVcmw9Imh0dHA6Ly9sb2NhbGhvc3Q6Mjg4NS9hcGkvRmxpZ2h0L0Jvb2siIFRoaW5rVGltZT0iMCIgVGltZW91dD0iMzAwIiBQYXJzZURlcGVuZGVudFJlcXVlc3RzPSJUcnVlIiBGb2xsb3dSZWRpcmVjdHM9IlRydWUiIFJlY29yZFJlc3VsdD0iVHJ1ZSIgQ2FjaGU9IkZhbHNlIiBSZXNwb25zZVRpbWVHb2FsPSIwIiBFbmNvZGluZz0idXRmLTgiIEV4cGVjdGVkSHR0cFN0YXR1c0NvZGU9IjAiIEV4cGVjdGVkUmVzcG9uc2VVcmw9IiIgUmVwb3J0aW5nTmFtZT0iIiBJZ25vcmVIdHRwU3RhdHVzQ29kZT0iRmFsc2UiPg0KICAgICAgPERlcGVuZGVudFJlcXVlc3RzPg0KICAgICAgICA8UmVxdWVzdCBNZXRob2Q9IkdFVCIgR3VpZD0iNDZmNGVjZjUtNzgwZS00NDc4LWJiZjQtNzZlYTRiM2Y3OTY2IiBWZXJzaW9uPSIxLjEiIFVybD0iaHR0cDovL2xvY2FsaG9zdDoyODg1L2FwaS9GbGlnaHQvQm9vayIgVGhpbmtUaW1lPSIxMzQiIFRpbWVvdXQ9IjMwMCIgUGFyc2VEZXBlbmRlbnRSZXF1ZXN0cz0iVHJ1ZSIgRm9sbG93UmVkaXJlY3RzPSJUcnVlIiBSZWNvcmRSZXN1bHQ9IlRydWUiIENhY2hlPSJGYWxzZSIgUmVzcG9uc2VUaW1lR29hbD0iMCIgRW5jb2Rpbmc9InV0Zi04IiBFeHBlY3RlZEh0dHBTdGF0dXNDb2RlPSIwIiBFeHBlY3RlZFJlc3BvbnNlVXJsPSIiIFJlcG9ydGluZ05hbWU9IiIgSWdub3JlSHR0cFN0YXR1c0NvZGU9IkZhbHNlIj4NCiAgICAgICAgICA8UXVlcnlTdHJpbmdQYXJhbWV0ZXJzPg0KICAgICAgICAgICAgPFF1ZXJ5U3RyaW5nUGFyYW1ldGVyIE5hbWU9Ikl0aW5lcmFyeUlkIiBWYWx1ZT0iZTcwMWYyZWI0YWVjNGUyZDhiZmMxYWMwNmJjODFlYTciIFJlY29yZGVkVmFsdWU9ImU3MDFmMmViNGFlYzRlMmQ4YmZjMWFjMDZiYzgxZWE3IiBDb3JyZWxhdGlvbkJpbmRpbmc9IiIgVXJsRW5jb2RlPSJGYWxzZSIgVXNlVG9Hcm91cFJlc3VsdHM9IkZhbHNlIiAvPg0KICAgICAgICAgICAgPFF1ZXJ5U3RyaW5nUGFyYW1ldGVyIE5hbWU9IklzUmV6ZXJ2YXRpb24iIFZhbHVlPSJ0cnVlIiBSZWNvcmRlZFZhbHVlPSJ0cnVlIiBDb3JyZWxhdGlvbkJpbmRpbmc9IiIgVXJsRW5jb2RlPSJGYWxzZSIgVXNlVG9Hcm91cFJlc3VsdHM9IkZhbHNlIiAvPg0KICAgICAgICAgICAgPFF1ZXJ5U3RyaW5nUGFyYW1ldGVyIE5hbWU9IkF1dGhlbnRpY2F0aW9uLkFnZW5jeUNvZGUiIFZhbHVlPSJmOTZjMWZmZC0zY2MzLTQzNjQtYTNlOS00ZTEzZWU2OWUwZTgiIFJlY29yZGVkVmFsdWU9ImY5NmMxZmZkLTNjYzMtNDM2NC1hM2U5LTRlMTNlZTY5ZTBlOCIgQ29ycmVsYXRpb25CaW5kaW5nPSIiIFVybEVuY29kZT0iRmFsc2UiIFVzZVRvR3JvdXBSZXN1bHRzPSJGYWxzZSIgLz4NCiAgICAgICAgICAgIDxRdWVyeVN0cmluZ1BhcmFtZXRlciBOYW1lPSJBdXRoZW50aWNhdGlvbi5BcGlQYXNzd29yZCIgVmFsdWU9IipTVCUzZGFtZTNXO2FxIiBSZWNvcmRlZFZhbHVlPSIqU1QlM2RhbWUzVzthcSIgQ29ycmVsYXRpb25CaW5kaW5nPSIiIFVybEVuY29kZT0iRmFsc2UiIFVzZVRvR3JvdXBSZXN1bHRzPSJGYWxzZSIgLz4NCiAgICAgICAgICAgIDxRdWVyeVN0cmluZ1BhcmFtZXRlciBOYW1lPSJBdXRoZW50aWNhdGlvbi5Vc2VyTmFtZSIgVmFsdWU9Im9tZXIub25hbEBtaWthdHVyLmNvbSIgUmVjb3JkZWRWYWx1ZT0ib21lci5vbmFsQG1pa2F0dXIuY29tIiBDb3JyZWxhdGlvbkJpbmRpbmc9IiIgVXJsRW5jb2RlPSJGYWxzZSIgVXNlVG9Hcm91cFJlc3VsdHM9IkZhbHNlIiAvPg0KICAgICAgICAgICAgPFF1ZXJ5U3RyaW5nUGFyYW1ldGVyIE5hbWU9IkF1dGhlbnRpY2F0aW9uLlBhc3N3b3JkIiBWYWx1ZT0iMTIzNDU2IiBSZWNvcmRlZFZhbHVlPSIxMjM0NTYiIENvcnJlbGF0aW9uQmluZGluZz0iIiBVcmxFbmNvZGU9IkZhbHNlIiBVc2VUb0dyb3VwUmVzdWx0cz0iRmFsc2UiIC8+DQogICAgICAgICAgICA8UXVlcnlTdHJpbmdQYXJhbWV0ZXIgTmFtZT0iUGFzc2VuZ2Vyc1swXS5QYXNzZW5nZXJUeXBlIiBWYWx1ZT0iQWR1bHQiIFJlY29yZGVkVmFsdWU9IkFkdWx0IiBDb3JyZWxhdGlvbkJpbmRpbmc9IiIgVXJsRW5jb2RlPSJGYWxzZSIgVXNlVG9Hcm91cFJlc3VsdHM9IkZhbHNlIiAvPg0KICAgICAgICAgICAgPFF1ZXJ5U3RyaW5nUGFyYW1ldGVyIE5hbWU9IlBhc3NlbmdlcnNbMF0uR2VuZGVyIiBWYWx1ZT0iVHJ1ZSIgUmVjb3JkZWRWYWx1ZT0iVHJ1ZSIgQ29ycmVsYXRpb25CaW5kaW5nPSIiIFVybEVuY29kZT0iRmFsc2UiIFVzZVRvR3JvdXBSZXN1bHRzPSJGYWxzZSIgLz4NCiAgICAgICAgICAgIDxRdWVyeVN0cmluZ1BhcmFtZXRlciBOYW1lPSJQYXNzZW5nZXJzWzBdLkZpcnN0TmFtZSIgVmFsdWU9IiVDMyU5Nm1lciIgUmVjb3JkZWRWYWx1ZT0iJUMzJTk2bWVyIiBDb3JyZWxhdGlvbkJpbmRpbmc9IiIgVXJsRW5jb2RlPSJGYWxzZSIgVXNlVG9Hcm91cFJlc3VsdHM9IkZhbHNlIiAvPg0KICAgICAgICAgICAgPFF1ZXJ5U3RyaW5nUGFyYW1ldGVyIE5hbWU9IlBhc3NlbmdlcnNbMF0uTGFzdE5hbWUiIFZhbHVlPSIlQzMlOTZuYWwiIFJlY29yZGVkVmFsdWU9IiVDMyU5Nm5hbCIgQ29ycmVsYXRpb25CaW5kaW5nPSIiIFVybEVuY29kZT0iRmFsc2UiIFVzZVRvR3JvdXBSZXN1bHRzPSJGYWxzZSIgLz4NCiAgICAgICAgICAgIDxRdWVyeVN0cmluZ1BhcmFtZXRlciBOYW1lPSJQYXNzZW5nZXJzWzBdLkJpcnRoRGF0ZSIgVmFsdWU9IjA5LjA2LjE5ODUlMjAwMDowMDowMCIgUmVjb3JkZWRWYWx1ZT0iMDkuMDYuMTk4NSUyMDAwOjAwOjAwIiBDb3JyZWxhdGlvbkJpbmRpbmc9IiIgVXJsRW5jb2RlPSJGYWxzZSIgVXNlVG9Hcm91cFJlc3VsdHM9IkZhbHNlIiAvPg0KICAgICAgICAgICAgPFF1ZXJ5U3RyaW5nUGFyYW1ldGVyIE5hbWU9IkNvbnRhY3RJbmZvLkdTTS5Db3VudHJ5Q29kZSIgVmFsdWU9IjkwIiBSZWNvcmRlZFZhbHVlPSI5MCIgQ29ycmVsYXRpb25CaW5kaW5nPSIiIFVybEVuY29kZT0iRmFsc2UiIFVzZVRvR3JvdXBSZXN1bHRzPSJGYWxzZSIgLz4NCiAgICAgICAgICAgIDxRdWVyeVN0cmluZ1BhcmFtZXRlciBOYW1lPSJDb250YWN0SW5mby5HU00uQ2l0eUNvZGUiIFZhbHVlPSI1MzIiIFJlY29yZGVkVmFsdWU9IjUzMiIgQ29ycmVsYXRpb25CaW5kaW5nPSIiIFVybEVuY29kZT0iRmFsc2UiIFVzZVRvR3JvdXBSZXN1bHRzPSJGYWxzZSIgLz4NCiAgICAgICAgICAgIDxRdWVyeVN0cmluZ1BhcmFtZXRlciBOYW1lPSJDb250YWN0SW5mby5HU00uUGhvbmUiIFZhbHVlPSI0Mzc5MTk3IiBSZWNvcmRlZFZhbHVlPSI0Mzc5MTk3IiBDb3JyZWxhdGlvbkJpbmRpbmc9IiIgVXJsRW5jb2RlPSJGYWxzZSIgVXNlVG9Hcm91cFJlc3VsdHM9IkZhbHNlIiAvPg0KICAgICAgICAgICAgPFF1ZXJ5U3RyaW5nUGFyYW1ldGVyIE5hbWU9IkNvbnRhY3RJbmZvLlBob25lLkNvdW50cnlDb2RlIiBWYWx1ZT0iOTAiIFJlY29yZGVkVmFsdWU9IjkwIiBDb3JyZWxhdGlvbkJpbmRpbmc9IiIgVXJsRW5jb2RlPSJGYWxzZSIgVXNlVG9Hcm91cFJlc3VsdHM9IkZhbHNlIiAvPg0KICAgICAgICAgICAgPFF1ZXJ5U3RyaW5nUGFyYW1ldGVyIE5hbWU9IkNvbnRhY3RJbmZvLlBob25lLkNpdHlDb2RlIiBWYWx1ZT0iNTMyIiBSZWNvcmRlZFZhbHVlPSI1MzIiIENvcnJlbGF0aW9uQmluZGluZz0iIiBVcmxFbmNvZGU9IkZhbHNlIiBVc2VUb0dyb3VwUmVzdWx0cz0iRmFsc2UiIC8+DQogICAgICAgICAgICA8UXVlcnlTdHJpbmdQYXJhbWV0ZXIgTmFtZT0iQ29udGFjdEluZm8uUGhvbmUuUGhvbmUiIFZhbHVlPSI0Mzc5MTk3IiBSZWNvcmRlZFZhbHVlPSI0Mzc5MTk3IiBDb3JyZWxhdGlvbkJpbmRpbmc9IiIgVXJsRW5jb2RlPSJGYWxzZSIgVXNlVG9Hcm91cFJlc3VsdHM9IkZhbHNlIiAvPg0KICAgICAgICAgICAgPFF1ZXJ5U3RyaW5nUGFyYW1ldGVyIE5hbWU9IkNvbnRhY3RJbmZvLkVtYWlsIiBWYWx1ZT0ib21lci5vbmFsQGdtYWlsLmNvbSIgUmVjb3JkZWRWYWx1ZT0ib21lci5vbmFsQGdtYWlsLmNvbSIgQ29ycmVsYXRpb25CaW5kaW5nPSIiIFVybEVuY29kZT0iRmFsc2UiIFVzZVRvR3JvdXBSZXN1bHRzPSJGYWxzZSIgLz4NCiAgICAgICAgICAgIDxRdWVyeVN0cmluZ1BhcmFtZXRlciBOYW1lPSJDb250YWN0SW5mby5JbnZvaWNlLkludm9pY2VUeXBlIiBWYWx1ZT0iUGVyc29uIiBSZWNvcmRlZFZhbHVlPSJQZXJzb24iIENvcnJlbGF0aW9uQmluZGluZz0iIiBVcmxFbmNvZGU9IkZhbHNlIiBVc2VUb0dyb3VwUmVzdWx0cz0iRmFsc2UiIC8+DQogICAgICAgICAgICA8UXVlcnlTdHJpbmdQYXJhbWV0ZXIgTmFtZT0iQ29udGFjdEluZm8uSW52b2ljZS5OYW1lIiBWYWx1ZT0iT21lciUyME9OQUwiIFJlY29yZGVkVmFsdWU9Ik9tZXIlMjBPTkFMIiBDb3JyZWxhdGlvbkJpbmRpbmc9IiIgVXJsRW5jb2RlPSJGYWxzZSIgVXNlVG9Hcm91cFJlc3VsdHM9IkZhbHNlIiAvPg0KICAgICAgICAgICAgPFF1ZXJ5U3RyaW5nUGFyYW1ldGVyIE5hbWU9IkNvbnRhY3RJbmZvLkludm9pY2UuQWRkcmVzcyIgVmFsdWU9IkthZ2l0aGFuZSIgUmVjb3JkZWRWYWx1ZT0iS2FnaXRoYW5lIiBDb3JyZWxhdGlvbkJpbmRpbmc9IiIgVXJsRW5jb2RlPSJGYWxzZSIgVXNlVG9Hcm91cFJlc3VsdHM9IkZhbHNlIiAvPg0KICAgICAgICAgICAgPFF1ZXJ5U3RyaW5nUGFyYW1ldGVyIE5hbWU9IkNvbnRhY3RJbmZvLkludm9pY2UuUG9zdGFsQ29kZSIgVmFsdWU9IjM0NDEwIiBSZWNvcmRlZFZhbHVlPSIzNDQxMCIgQ29ycmVsYXRpb25CaW5kaW5nPSIiIFVybEVuY29kZT0iRmFsc2UiIFVzZVRvR3JvdXBSZXN1bHRzPSJGYWxzZSIgLz4NCiAgICAgICAgICAgIDxRdWVyeVN0cmluZ1BhcmFtZXRlciBOYW1lPSJDb250YWN0SW5mby5JbnZvaWNlLkNpdHkiIFZhbHVlPSJJc3RhbmJ1bCIgUmVjb3JkZWRWYWx1ZT0iSXN0YW5idWwiIENvcnJlbGF0aW9uQmluZGluZz0iIiBVcmxFbmNvZGU9IkZhbHNlIiBVc2VUb0dyb3VwUmVzdWx0cz0iRmFsc2UiIC8+DQogICAgICAgICAgICA8UXVlcnlTdHJpbmdQYXJhbWV0ZXIgTmFtZT0iQ29udGFjdEluZm8uSW52b2ljZS5Db3VudHJ5IiBWYWx1ZT0iVHVya2l5ZSIgUmVjb3JkZWRWYWx1ZT0iVHVya2l5ZSIgQ29ycmVsYXRpb25CaW5kaW5nPSIiIFVybEVuY29kZT0iRmFsc2UiIFVzZVRvR3JvdXBSZXN1bHRzPSJGYWxzZSIgLz4NCiAgICAgICAgICAgIDxRdWVyeVN0cmluZ1BhcmFtZXRlciBOYW1lPSJDb250YWN0SW5mby5JbnZvaWNlLlRheE51bWJlciIgVmFsdWU9IjEyMzQ1NiIgUmVjb3JkZWRWYWx1ZT0iMTIzNDU2IiBDb3JyZWxhdGlvbkJpbmRpbmc9IiIgVXJsRW5jb2RlPSJGYWxzZSIgVXNlVG9Hcm91cFJlc3VsdHM9IkZhbHNlIiAvPg0KICAgICAgICAgICAgPFF1ZXJ5U3RyaW5nUGFyYW1ldGVyIE5hbWU9IkNvbnRhY3RJbmZvLkludm9pY2UuVGF4T2ZmaWNlIiBWYWx1ZT0iWmluY2lybGlrdXl1IiBSZWNvcmRlZFZhbHVlPSJaaW5jaXJsaWt1eXUiIENvcnJlbGF0aW9uQmluZGluZz0iIiBVcmxFbmNvZGU9IkZhbHNlIiBVc2VUb0dyb3VwUmVzdWx0cz0iRmFsc2UiIC8+DQogICAgICAgICAgICA8UXVlcnlTdHJpbmdQYXJhbWV0ZXIgTmFtZT0idHlwZSIgVmFsdWU9InhtbCIgUmVjb3JkZWRWYWx1ZT0ieG1sIiBDb3JyZWxhdGlvbkJpbmRpbmc9IiIgVXJsRW5jb2RlPSJGYWxzZSIgVXNlVG9Hcm91cFJlc3VsdHM9IkZhbHNlIiAvPg0KICAgICAgICAgIDwvUXVlcnlTdHJpbmdQYXJhbWV0ZXJzPg0KICAgICAgICA8L1JlcXVlc3Q+DQogICAgICA8L0RlcGVuZGVudFJlcXVlc3RzPg0KICAgICAgPFF1ZXJ5U3RyaW5nUGFyYW1ldGVycz4NCiAgICAgICAgPFF1ZXJ5U3RyaW5nUGFyYW1ldGVyIE5hbWU9Ikl0aW5lcmFyeUlkIiBWYWx1ZT0iZTcwMWYyZWI0YWVjNGUyZDhiZmMxYWMwNmJjODFlYTciIFJlY29yZGVkVmFsdWU9ImU3MDFmMmViNGFlYzRlMmQ4YmZjMWFjMDZiYzgxZWE3IiBDb3JyZWxhdGlvbkJpbmRpbmc9IiIgVXJsRW5jb2RlPSJGYWxzZSIgVXNlVG9Hcm91cFJlc3VsdHM9IkZhbHNlIiAvPg0KICAgICAgICA8UXVlcnlTdHJpbmdQYXJhbWV0ZXIgTmFtZT0iSXNSZXplcnZhdGlvbiIgVmFsdWU9InRydWUiIFJlY29yZGVkVmFsdWU9InRydWUiIENvcnJlbGF0aW9uQmluZGluZz0iIiBVcmxFbmNvZGU9IkZhbHNlIiBVc2VUb0dyb3VwUmVzdWx0cz0iRmFsc2UiIC8+DQogICAgICAgIDxRdWVyeVN0cmluZ1BhcmFtZXRlciBOYW1lPSJBdXRoZW50aWNhdGlvbi5BZ2VuY3lDb2RlIiBWYWx1ZT0iZjk2YzFmZmQtM2NjMy00MzY0LWEzZTktNGUxM2VlNjllMGU4IiBSZWNvcmRlZFZhbHVlPSJmOTZjMWZmZC0zY2MzLTQzNjQtYTNlOS00ZTEzZWU2OWUwZTgiIENvcnJlbGF0aW9uQmluZGluZz0iIiBVcmxFbmNvZGU9IkZhbHNlIiBVc2VUb0dyb3VwUmVzdWx0cz0iRmFsc2UiIC8+DQogICAgICAgIDxRdWVyeVN0cmluZ1BhcmFtZXRlciBOYW1lPSJBdXRoZW50aWNhdGlvbi5BcGlQYXNzd29yZCIgVmFsdWU9IipTVD1hbWUzVzthcSIgUmVjb3JkZWRWYWx1ZT0iKlNUPWFtZTNXO2FxIiBDb3JyZWxhdGlvbkJpbmRpbmc9IiIgVXJsRW5jb2RlPSJGYWxzZSIgVXNlVG9Hcm91cFJlc3VsdHM9IkZhbHNlIiAvPg0KICAgICAgICA8UXVlcnlTdHJpbmdQYXJhbWV0ZXIgTmFtZT0iQXV0aGVudGljYXRpb24uVXNlck5hbWUiIFZhbHVlPSJvbWVyLm9uYWxAbWlrYXR1ci5jb20iIFJlY29yZGVkVmFsdWU9Im9tZXIub25hbEBtaWthdHVyLmNvbSIgQ29ycmVsYXRpb25CaW5kaW5nPSIiIFVybEVuY29kZT0iRmFsc2UiIFVzZVRvR3JvdXBSZXN1bHRzPSJGYWxzZSIgLz4NCiAgICAgICAgPFF1ZXJ5U3RyaW5nUGFyYW1ldGVyIE5hbWU9IkF1dGhlbnRpY2F0aW9uLlBhc3N3b3JkIiBWYWx1ZT0iMTIzNDU2IiBSZWNvcmRlZFZhbHVlPSIxMjM0NTYiIENvcnJlbGF0aW9uQmluZGluZz0iIiBVcmxFbmNvZGU9IkZhbHNlIiBVc2VUb0dyb3VwUmVzdWx0cz0iRmFsc2UiIC8+DQogICAgICAgIDxRdWVyeVN0cmluZ1BhcmFtZXRlciBOYW1lPSJQYXNzZW5nZXJzWzBdLlBhc3NlbmdlclR5cGUiIFZhbHVlPSJBZHVsdCIgUmVjb3JkZWRWYWx1ZT0iQWR1bHQiIENvcnJlbGF0aW9uQmluZGluZz0iIiBVcmxFbmNvZGU9IkZhbHNlIiBVc2VUb0dyb3VwUmVzdWx0cz0iRmFsc2UiIC8+DQogICAgICAgIDxRdWVyeVN0cmluZ1BhcmFtZXRlciBOYW1lPSJQYXNzZW5nZXJzWzBdLkdlbmRlciIgVmFsdWU9IlRydWUiIFJlY29yZGVkVmFsdWU9IlRydWUiIENvcnJlbGF0aW9uQmluZGluZz0iIiBVcmxFbmNvZGU9IkZhbHNlIiBVc2VUb0dyb3VwUmVzdWx0cz0iRmFsc2UiIC8+DQogICAgICAgIDxRdWVyeVN0cmluZ1BhcmFtZXRlciBOYW1lPSJQYXNzZW5nZXJzWzBdLkZpcnN0TmFtZSIgVmFsdWU9IiVDMyU5Nm1lciIgUmVjb3JkZWRWYWx1ZT0iJUMzJTk2bWVyIiBDb3JyZWxhdGlvbkJpbmRpbmc9IiIgVXJsRW5jb2RlPSJGYWxzZSIgVXNlVG9Hcm91cFJlc3VsdHM9IkZhbHNlIiAvPg0KICAgICAgICA8UXVlcnlTdHJpbmdQYXJhbWV0ZXIgTmFtZT0iUGFzc2VuZ2Vyc1swXS5MYXN0TmFtZSIgVmFsdWU9IiVDMyU5Nm5hbCIgUmVjb3JkZWRWYWx1ZT0iJUMzJTk2bmFsIiBDb3JyZWxhdGlvbkJpbmRpbmc9IiIgVXJsRW5jb2RlPSJGYWxzZSIgVXNlVG9Hcm91cFJlc3VsdHM9IkZhbHNlIiAvPg0KICAgICAgICA8UXVlcnlTdHJpbmdQYXJhbWV0ZXIgTmFtZT0iUGFzc2VuZ2Vyc1swXS5CaXJ0aERhdGUiIFZhbHVlPSIwOS4wNi4xOTg1JTIwMDA6MDA6MDAiIFJlY29yZGVkVmFsdWU9IjA5LjA2LjE5ODUlMjAwMDowMDowMCIgQ29ycmVsYXRpb25CaW5kaW5nPSIiIFVybEVuY29kZT0iRmFsc2UiIFVzZVRvR3JvdXBSZXN1bHRzPSJGYWxzZSIgLz4NCiAgICAgICAgPFF1ZXJ5U3RyaW5nUGFyYW1ldGVyIE5hbWU9IkNvbnRhY3RJbmZvLkdTTS5Db3VudHJ5Q29kZSIgVmFsdWU9IjkwIiBSZWNvcmRlZFZhbHVlPSI5MCIgQ29ycmVsYXRpb25CaW5kaW5nPSIiIFVybEVuY29kZT0iRmFsc2UiIFVzZVRvR3JvdXBSZXN1bHRzPSJGYWxzZSIgLz4NCiAgICAgICAgPFF1ZXJ5U3RyaW5nUGFyYW1ldGVyIE5hbWU9IkNvbnRhY3RJbmZvLkdTTS5DaXR5Q29kZSIgVmFsdWU9IjUzMiIgUmVjb3JkZWRWYWx1ZT0iNTMyIiBDb3JyZWxhdGlvbkJpbmRpbmc9IiIgVXJsRW5jb2RlPSJGYWxzZSIgVXNlVG9Hcm91cFJlc3VsdHM9IkZhbHNlIiAvPg0KICAgICAgICA8UXVlcnlTdHJpbmdQYXJhbWV0ZXIgTmFtZT0iQ29udGFjdEluZm8uR1NNLlBob25lIiBWYWx1ZT0iNDM3OTE5NyIgUmVjb3JkZWRWYWx1ZT0iNDM3OTE5NyIgQ29ycmVsYXRpb25CaW5kaW5nPSIiIFVybEVuY29kZT0iRmFsc2UiIFVzZVRvR3JvdXBSZXN1bHRzPSJGYWxzZSIgLz4NCiAgICAgICAgPFF1ZXJ5U3RyaW5nUGFyYW1ldGVyIE5hbWU9IkNvbnRhY3RJbmZvLlBob25lLkNvdW50cnlDb2RlIiBWYWx1ZT0iOTAiIFJlY29yZGVkVmFsdWU9IjkwIiBDb3JyZWxhdGlvbkJpbmRpbmc9IiIgVXJsRW5jb2RlPSJGYWxzZSIgVXNlVG9Hcm91cFJlc3VsdHM9IkZhbHNlIiAvPg0KICAgICAgICA8UXVlcnlTdHJpbmdQYXJhbWV0ZXIgTmFtZT0iQ29udGFjdEluZm8uUGhvbmUuQ2l0eUNvZGUiIFZhbHVlPSI1MzIiIFJlY29yZGVkVmFsdWU9IjUzMiIgQ29ycmVsYXRpb25CaW5kaW5nPSIiIFVybEVuY29kZT0iRmFsc2UiIFVzZVRvR3JvdXBSZXN1bHRzPSJGYWxzZSIgLz4NCiAgICAgICAgPFF1ZXJ5U3RyaW5nUGFyYW1ldGVyIE5hbWU9IkNvbnRhY3RJbmZvLlBob25lLlBob25lIiBWYWx1ZT0iNDM3OTE5NyIgUmVjb3JkZWRWYWx1ZT0iNDM3OTE5NyIgQ29ycmVsYXRpb25CaW5kaW5nPSIiIFVybEVuY29kZT0iRmFsc2UiIFVzZVRvR3JvdXBSZXN1bHRzPSJGYWxzZSIgLz4NCiAgICAgICAgPFF1ZXJ5U3RyaW5nUGFyYW1ldGVyIE5hbWU9IkNvbnRhY3RJbmZvLkVtYWlsIiBWYWx1ZT0ib21lci5vbmFsQGdtYWlsLmNvbSIgUmVjb3JkZWRWYWx1ZT0ib21lci5vbmFsQGdtYWlsLmNvbSIgQ29ycmVsYXRpb25CaW5kaW5nPSIiIFVybEVuY29kZT0iRmFsc2UiIFVzZVRvR3JvdXBSZXN1bHRzPSJGYWxzZSIgLz4NCiAgICAgICAgPFF1ZXJ5U3RyaW5nUGFyYW1ldGVyIE5hbWU9IkNvbnRhY3RJbmZvLkludm9pY2UuSW52b2ljZVR5cGUiIFZhbHVlPSJQZXJzb24iIFJlY29yZGVkVmFsdWU9IlBlcnNvbiIgQ29ycmVsYXRpb25CaW5kaW5nPSIiIFVybEVuY29kZT0iRmFsc2UiIFVzZVRvR3JvdXBSZXN1bHRzPSJGYWxzZSIgLz4NCiAgICAgICAgPFF1ZXJ5U3RyaW5nUGFyYW1ldGVyIE5hbWU9IkNvbnRhY3RJbmZvLkludm9pY2UuTmFtZSIgVmFsdWU9Ik9tZXIlMjBPTkFMIiBSZWNvcmRlZFZhbHVlPSJPbWVyJTIwT05BTCIgQ29ycmVsYXRpb25CaW5kaW5nPSIiIFVybEVuY29kZT0iRmFsc2UiIFVzZVRvR3JvdXBSZXN1bHRzPSJGYWxzZSIgLz4NCiAgICAgICAgPFF1ZXJ5U3RyaW5nUGFyYW1ldGVyIE5hbWU9IkNvbnRhY3RJbmZvLkludm9pY2UuQWRkcmVzcyIgVmFsdWU9IkthZ2l0aGFuZSIgUmVjb3JkZWRWYWx1ZT0iS2FnaXRoYW5lIiBDb3JyZWxhdGlvbkJpbmRpbmc9IiIgVXJsRW5jb2RlPSJGYWxzZSIgVXNlVG9Hcm91cFJlc3VsdHM9IkZhbHNlIiAvPg0KICAgICAgICA8UXVlcnlTdHJpbmdQYXJhbWV0ZXIgTmFtZT0iQ29udGFjdEluZm8uSW52b2ljZS5Qb3N0YWxDb2RlIiBWYWx1ZT0iMzQ0MTAiIFJlY29yZGVkVmFsdWU9IjM0NDEwIiBDb3JyZWxhdGlvbkJpbmRpbmc9IiIgVXJsRW5jb2RlPSJGYWxzZSIgVXNlVG9Hcm91cFJlc3VsdHM9IkZhbHNlIiAvPg0KICAgICAgICA8UXVlcnlTdHJpbmdQYXJhbWV0ZXIgTmFtZT0iQ29udGFjdEluZm8uSW52b2ljZS5DaXR5IiBWYWx1ZT0iSXN0YW5idWwiIFJlY29yZGVkVmFsdWU9IklzdGFuYnVsIiBDb3JyZWxhdGlvbkJpbmRpbmc9IiIgVXJsRW5jb2RlPSJGYWxzZSIgVXNlVG9Hcm91cFJlc3VsdHM9IkZhbHNlIiAvPg0KICAgICAgICA8UXVlcnlTdHJpbmdQYXJhbWV0ZXIgTmFtZT0iQ29udGFjdEluZm8uSW52b2ljZS5Db3VudHJ5IiBWYWx1ZT0iVHVya2l5ZSIgUmVjb3JkZWRWYWx1ZT0iVHVya2l5ZSIgQ29ycmVsYXRpb25CaW5kaW5nPSIiIFVybEVuY29kZT0iRmFsc2UiIFVzZVRvR3JvdXBSZXN1bHRzPSJGYWxzZSIgLz4NCiAgICAgICAgPFF1ZXJ5U3RyaW5nUGFyYW1ldGVyIE5hbWU9IkNvbnRhY3RJbmZvLkludm9pY2UuVGF4TnVtYmVyIiBWYWx1ZT0iMTIzNDU2IiBSZWNvcmRlZFZhbHVlPSIxMjM0NTYiIENvcnJlbGF0aW9uQmluZGluZz0iIiBVcmxFbmNvZGU9IkZhbHNlIiBVc2VUb0dyb3VwUmVzdWx0cz0iRmFsc2UiIC8+DQogICAgICAgIDxRdWVyeVN0cmluZ1BhcmFtZXRlciBOYW1lPSJDb250YWN0SW5mby5JbnZvaWNlLlRheE9mZmljZSIgVmFsdWU9IlppbmNpcmxpa3V5dSIgUmVjb3JkZWRWYWx1ZT0iWmluY2lybGlrdXl1IiBDb3JyZWxhdGlvbkJpbmRpbmc9IiIgVXJsRW5jb2RlPSJGYWxzZSIgVXNlVG9Hcm91cFJlc3VsdHM9IkZhbHNlIiAvPg0KICAgICAgICA8UXVlcnlTdHJpbmdQYXJhbWV0ZXIgTmFtZT0idHlwZSIgVmFsdWU9InhtbCIgUmVjb3JkZWRWYWx1ZT0ieG1sIiBDb3JyZWxhdGlvbkJpbmRpbmc9IiIgVXJsRW5jb2RlPSJGYWxzZSIgVXNlVG9Hcm91cFJlc3VsdHM9IkZhbHNlIiAvPg0KICAgICAgPC9RdWVyeVN0cmluZ1BhcmFtZXRlcnM+DQogICAgPC9SZXF1ZXN0Pg0KICAgIDxSZXF1ZXN0IE1ldGhvZD0iR0VUIiBHdWlkPSI4MWZkYTY3Zi1iZTU1LTRmNzMtYWEwZC1mNTljM2ZlYWVmOTEiIFZlcnNpb249IjEuMSIgVXJsPSJodHRwOi8vbG9jYWxob3N0OjI4ODUvYXBpL0ZsaWdodC9Cb29rIiBUaGlua1RpbWU9IjAiIFRpbWVvdXQ9IjMwMCIgUGFyc2VEZXBlbmRlbnRSZXF1ZXN0cz0iVHJ1ZSIgRm9sbG93UmVkaXJlY3RzPSJUcnVlIiBSZWNvcmRSZXN1bHQ9IlRydWUiIENhY2hlPSJGYWxzZSIgUmVzcG9uc2VUaW1lR29hbD0iMCIgRW5jb2Rpbmc9InV0Zi04IiBFeHBlY3RlZEh0dHBTdGF0dXNDb2RlPSIwIiBFeHBlY3RlZFJlc3BvbnNlVXJsPSIiIFJlcG9ydGluZ05hbWU9IiIgSWdub3JlSHR0cFN0YXR1c0NvZGU9IkZhbHNlIj4NCiAgICAgIDxEZXBlbmRlbnRSZXF1ZXN0cz4NCiAgICAgICAgPFJlcXVlc3QgTWV0aG9kPSJHRVQiIEd1aWQ9IjJmZDkyMDY4LWZkNzgtNGNhNS04Y2NkLWU5OWFmMDMwZTdkOSIgVmVyc2lvbj0iMS4xIiBVcmw9Imh0dHA6Ly9sb2NhbGhvc3Q6Mjg4NS9hcGkvRmxpZ2h0L0Jvb2siIFRoaW5rVGltZT0iMzAiIFRpbWVvdXQ9IjMwMCIgUGFyc2VEZXBlbmRlbnRSZXF1ZXN0cz0iVHJ1ZSIgRm9sbG93UmVkaXJlY3RzPSJUcnVlIiBSZWNvcmRSZXN1bHQ9IlRydWUiIENhY2hlPSJGYWxzZSIgUmVzcG9uc2VUaW1lR29hbD0iMCIgRW5jb2Rpbmc9InV0Zi04IiBFeHBlY3RlZEh0dHBTdGF0dXNDb2RlPSIwIiBFeHBlY3RlZFJlc3BvbnNlVXJsPSIiIFJlcG9ydGluZ05hbWU9IiIgSWdub3JlSHR0cFN0YXR1c0NvZGU9IkZhbHNlIj4NCiAgICAgICAgICA8UXVlcnlTdHJpbmdQYXJhbWV0ZXJzPg0KICAgICAgICAgICAgPFF1ZXJ5U3RyaW5nUGFyYW1ldGVyIE5hbWU9Ikl0aW5lcmFyeUlkIiBWYWx1ZT0iNTNmNjNkMGI0NDA3NGIwOGEyNmYzMTFkYTcxMzUwOTYiIFJlY29yZGVkVmFsdWU9IjUzZjYzZDBiNDQwNzRiMDhhMjZmMzExZGE3MTM1MDk2IiBDb3JyZWxhdGlvbkJpbmRpbmc9IiIgVXJsRW5jb2RlPSJGYWxzZSIgVXNlVG9Hcm91cFJlc3VsdHM9IkZhbHNlIiAvPg0KICAgICAgICAgICAgPFF1ZXJ5U3RyaW5nUGFyYW1ldGVyIE5hbWU9IklzUmV6ZXJ2YXRpb24iIFZhbHVlPSJ0cnVlIiBSZWNvcmRlZFZhbHVlPSJ0cnVlIiBDb3JyZWxhdGlvbkJpbmRpbmc9IiIgVXJsRW5jb2RlPSJGYWxzZSIgVXNlVG9Hcm91cFJlc3VsdHM9IkZhbHNlIiAvPg0KICAgICAgICAgICAgPFF1ZXJ5U3RyaW5nUGFyYW1ldGVyIE5hbWU9IkF1dGhlbnRpY2F0aW9uLkFnZW5jeUNvZGUiIFZhbHVlPSJmOTZjMWZmZC0zY2MzLTQzNjQtYTNlOS00ZTEzZWU2OWUwZTgiIFJlY29yZGVkVmFsdWU9ImY5NmMxZmZkLTNjYzMtNDM2NC1hM2U5LTRlMTNlZTY5ZTBlOCIgQ29ycmVsYXRpb25CaW5kaW5nPSIiIFVybEVuY29kZT0iRmFsc2UiIFVzZVRvR3JvdXBSZXN1bHRzPSJGYWxzZSIgLz4NCiAgICAgICAgICAgIDxRdWVyeVN0cmluZ1BhcmFtZXRlciBOYW1lPSJBdXRoZW50aWNhdGlvbi5BcGlQYXNzd29yZCIgVmFsdWU9IipTVCUzZGFtZTNXO2FxIiBSZWNvcmRlZFZhbHVlPSIqU1QlM2RhbWUzVzthcSIgQ29ycmVsYXRpb25CaW5kaW5nPSIiIFVybEVuY29kZT0iRmFsc2UiIFVzZVRvR3JvdXBSZXN1bHRzPSJGYWxzZSIgLz4NCiAgICAgICAgICAgIDxRdWVyeVN0cmluZ1BhcmFtZXRlciBOYW1lPSJBdXRoZW50aWNhdGlvbi5Vc2VyTmFtZSIgVmFsdWU9Im9tZXIub25hbEBtaWthdHVyLmNvbSIgUmVjb3JkZWRWYWx1ZT0ib21lci5vbmFsQG1pa2F0dXIuY29tIiBDb3JyZWxhdGlvbkJpbmRpbmc9IiIgVXJsRW5jb2RlPSJGYWxzZSIgVXNlVG9Hcm91cFJlc3VsdHM9IkZhbHNlIiAvPg0KICAgICAgICAgICAgPFF1ZXJ5U3RyaW5nUGFyYW1ldGVyIE5hbWU9IkF1dGhlbnRpY2F0aW9uLlBhc3N3b3JkIiBWYWx1ZT0iMTIzNDU2IiBSZWNvcmRlZFZhbHVlPSIxMjM0NTYiIENvcnJlbGF0aW9uQmluZGluZz0iIiBVcmxFbmNvZGU9IkZhbHNlIiBVc2VUb0dyb3VwUmVzdWx0cz0iRmFsc2UiIC8+DQogICAgICAgICAgICA8UXVlcnlTdHJpbmdQYXJhbWV0ZXIgTmFtZT0iUGFzc2VuZ2Vyc1swXS5QYXNzZW5nZXJUeXBlIiBWYWx1ZT0iQWR1bHQiIFJlY29yZGVkVmFsdWU9IkFkdWx0IiBDb3JyZWxhdGlvbkJpbmRpbmc9IiIgVXJsRW5jb2RlPSJGYWxzZSIgVXNlVG9Hcm91cFJlc3VsdHM9IkZhbHNlIiAvPg0KICAgICAgICAgICAgPFF1ZXJ5U3RyaW5nUGFyYW1ldGVyIE5hbWU9IlBhc3NlbmdlcnNbMF0uR2VuZGVyIiBWYWx1ZT0iVHJ1ZSIgUmVjb3JkZWRWYWx1ZT0iVHJ1ZSIgQ29ycmVsYXRpb25CaW5kaW5nPSIiIFVybEVuY29kZT0iRmFsc2UiIFVzZVRvR3JvdXBSZXN1bHRzPSJGYWxzZSIgLz4NCiAgICAgICAgICAgIDxRdWVyeVN0cmluZ1BhcmFtZXRlciBOYW1lPSJQYXNzZW5nZXJzWzBdLkZpcnN0TmFtZSIgVmFsdWU9IiVDMyU5Nm1lciIgUmVjb3JkZWRWYWx1ZT0iJUMzJTk2bWVyIiBDb3JyZWxhdGlvbkJpbmRpbmc9IiIgVXJsRW5jb2RlPSJGYWxzZSIgVXNlVG9Hcm91cFJlc3VsdHM9IkZhbHNlIiAvPg0KICAgICAgICAgICAgPFF1ZXJ5U3RyaW5nUGFyYW1ldGVyIE5hbWU9IlBhc3NlbmdlcnNbMF0uTGFzdE5hbWUiIFZhbHVlPSIlQzMlOTZuYWwiIFJlY29yZGVkVmFsdWU9IiVDMyU5Nm5hbCIgQ29ycmVsYXRpb25CaW5kaW5nPSIiIFVybEVuY29kZT0iRmFsc2UiIFVzZVRvR3JvdXBSZXN1bHRzPSJGYWxzZSIgLz4NCiAgICAgICAgICAgIDxRdWVyeVN0cmluZ1BhcmFtZXRlciBOYW1lPSJQYXNzZW5nZXJzWzBdLkJpcnRoRGF0ZSIgVmFsdWU9IjA5LjA2LjE5ODUlMjAwMDowMDowMCIgUmVjb3JkZWRWYWx1ZT0iMDkuMDYuMTk4NSUyMDAwOjAwOjAwIiBDb3JyZWxhdGlvbkJpbmRpbmc9IiIgVXJsRW5jb2RlPSJGYWxzZSIgVXNlVG9Hcm91cFJlc3VsdHM9IkZhbHNlIiAvPg0KICAgICAgICAgICAgPFF1ZXJ5U3RyaW5nUGFyYW1ldGVyIE5hbWU9IkNvbnRhY3RJbmZvLkdTTS5Db3VudHJ5Q29kZSIgVmFsdWU9IjkwIiBSZWNvcmRlZFZhbHVlPSI5MCIgQ29ycmVsYXRpb25CaW5kaW5nPSIiIFVybEVuY29kZT0iRmFsc2UiIFVzZVRvR3JvdXBSZXN1bHRzPSJGYWxzZSIgLz4NCiAgICAgICAgICAgIDxRdWVyeVN0cmluZ1BhcmFtZXRlciBOYW1lPSJDb250YWN0SW5mby5HU00uQ2l0eUNvZGUiIFZhbHVlPSI1MzIiIFJlY29yZGVkVmFsdWU9IjUzMiIgQ29ycmVsYXRpb25CaW5kaW5nPSIiIFVybEVuY29kZT0iRmFsc2UiIFVzZVRvR3JvdXBSZXN1bHRzPSJGYWxzZSIgLz4NCiAgICAgICAgICAgIDxRdWVyeVN0cmluZ1BhcmFtZXRlciBOYW1lPSJDb250YWN0SW5mby5HU00uUGhvbmUiIFZhbHVlPSI0Mzc5MTk3IiBSZWNvcmRlZFZhbHVlPSI0Mzc5MTk3IiBDb3JyZWxhdGlvbkJpbmRpbmc9IiIgVXJsRW5jb2RlPSJGYWxzZSIgVXNlVG9Hcm91cFJlc3VsdHM9IkZhbHNlIiAvPg0KICAgICAgICAgICAgPFF1ZXJ5U3RyaW5nUGFyYW1ldGVyIE5hbWU9IkNvbnRhY3RJbmZvLlBob25lLkNvdW50cnlDb2RlIiBWYWx1ZT0iOTAiIFJlY29yZGVkVmFsdWU9IjkwIiBDb3JyZWxhdGlvbkJpbmRpbmc9IiIgVXJsRW5jb2RlPSJGYWxzZSIgVXNlVG9Hcm91cFJlc3VsdHM9IkZhbHNlIiAvPg0KICAgICAgICAgICAgPFF1ZXJ5U3RyaW5nUGFyYW1ldGVyIE5hbWU9IkNvbnRhY3RJbmZvLlBob25lLkNpdHlDb2RlIiBWYWx1ZT0iNTMyIiBSZWNvcmRlZFZhbHVlPSI1MzIiIENvcnJlbGF0aW9uQmluZGluZz0iIiBVcmxFbmNvZGU9IkZhbHNlIiBVc2VUb0dyb3VwUmVzdWx0cz0iRmFsc2UiIC8+DQogICAgICAgICAgICA8UXVlcnlTdHJpbmdQYXJhbWV0ZXIgTmFtZT0iQ29udGFjdEluZm8uUGhvbmUuUGhvbmUiIFZhbHVlPSI0Mzc5MTk3IiBSZWNvcmRlZFZhbHVlPSI0Mzc5MTk3IiBDb3JyZWxhdGlvbkJpbmRpbmc9IiIgVXJsRW5jb2RlPSJGYWxzZSIgVXNlVG9Hcm91cFJlc3VsdHM9IkZhbHNlIiAvPg0KICAgICAgICAgICAgPFF1ZXJ5U3RyaW5nUGFyYW1ldGVyIE5hbWU9IkNvbnRhY3RJbmZvLkVtYWlsIiBWYWx1ZT0ib21lci5vbmFsQGdtYWlsLmNvbSIgUmVjb3JkZWRWYWx1ZT0ib21lci5vbmFsQGdtYWlsLmNvbSIgQ29ycmVsYXRpb25CaW5kaW5nPSIiIFVybEVuY29kZT0iRmFsc2UiIFVzZVRvR3JvdXBSZXN1bHRzPSJGYWxzZSIgLz4NCiAgICAgICAgICAgIDxRdWVyeVN0cmluZ1BhcmFtZXRlciBOYW1lPSJDb250YWN0SW5mby5JbnZvaWNlLkludm9pY2VUeXBlIiBWYWx1ZT0iUGVyc29uIiBSZWNvcmRlZFZhbHVlPSJQZXJzb24iIENvcnJlbGF0aW9uQmluZGluZz0iIiBVcmxFbmNvZGU9IkZhbHNlIiBVc2VUb0dyb3VwUmVzdWx0cz0iRmFsc2UiIC8+DQogICAgICAgICAgICA8UXVlcnlTdHJpbmdQYXJhbWV0ZXIgTmFtZT0iQ29udGFjdEluZm8uSW52b2ljZS5OYW1lIiBWYWx1ZT0iT21lciUyME9OQUwiIFJlY29yZGVkVmFsdWU9Ik9tZXIlMjBPTkFMIiBDb3JyZWxhdGlvbkJpbmRpbmc9IiIgVXJsRW5jb2RlPSJGYWxzZSIgVXNlVG9Hcm91cFJlc3VsdHM9IkZhbHNlIiAvPg0KICAgICAgICAgICAgPFF1ZXJ5U3RyaW5nUGFyYW1ldGVyIE5hbWU9IkNvbnRhY3RJbmZvLkludm9pY2UuQWRkcmVzcyIgVmFsdWU9IkthZ2l0aGFuZSIgUmVjb3JkZWRWYWx1ZT0iS2FnaXRoYW5lIiBDb3JyZWxhdGlvbkJpbmRpbmc9IiIgVXJsRW5jb2RlPSJGYWxzZSIgVXNlVG9Hcm91cFJlc3VsdHM9IkZhbHNlIiAvPg0KICAgICAgICAgICAgPFF1ZXJ5U3RyaW5nUGFyYW1ldGVyIE5hbWU9IkNvbnRhY3RJbmZvLkludm9pY2UuUG9zdGFsQ29kZSIgVmFsdWU9IjM0NDEwIiBSZWNvcmRlZFZhbHVlPSIzNDQxMCIgQ29ycmVsYXRpb25CaW5kaW5nPSIiIFVybEVuY29kZT0iRmFsc2UiIFVzZVRvR3JvdXBSZXN1bHRzPSJGYWxzZSIgLz4NCiAgICAgICAgICAgIDxRdWVyeVN0cmluZ1BhcmFtZXRlciBOYW1lPSJDb250YWN0SW5mby5JbnZvaWNlLkNpdHkiIFZhbHVlPSJJc3RhbmJ1bCIgUmVjb3JkZWRWYWx1ZT0iSXN0YW5idWwiIENvcnJlbGF0aW9uQmluZGluZz0iIiBVcmxFbmNvZGU9IkZhbHNlIiBVc2VUb0dyb3VwUmVzdWx0cz0iRmFsc2UiIC8+DQogICAgICAgICAgICA8UXVlcnlTdHJpbmdQYXJhbWV0ZXIgTmFtZT0iQ29udGFjdEluZm8uSW52b2ljZS5Db3VudHJ5IiBWYWx1ZT0iVHVya2l5ZSIgUmVjb3JkZWRWYWx1ZT0iVHVya2l5ZSIgQ29ycmVsYXRpb25CaW5kaW5nPSIiIFVybEVuY29kZT0iRmFsc2UiIFVzZVRvR3JvdXBSZXN1bHRzPSJGYWxzZSIgLz4NCiAgICAgICAgICAgIDxRdWVyeVN0cmluZ1BhcmFtZXRlciBOYW1lPSJDb250YWN0SW5mby5JbnZvaWNlLlRheE51bWJlciIgVmFsdWU9IjEyMzQ1NiIgUmVjb3JkZWRWYWx1ZT0iMTIzNDU2IiBDb3JyZWxhdGlvbkJpbmRpbmc9IiIgVXJsRW5jb2RlPSJGYWxzZSIgVXNlVG9Hcm91cFJlc3VsdHM9IkZhbHNlIiAvPg0KICAgICAgICAgICAgPFF1ZXJ5U3RyaW5nUGFyYW1ldGVyIE5hbWU9IkNvbnRhY3RJbmZvLkludm9pY2UuVGF4T2ZmaWNlIiBWYWx1ZT0iWmluY2lybGlrdXl1IiBSZWNvcmRlZFZhbHVlPSJaaW5jaXJsaWt1eXUiIENvcnJlbGF0aW9uQmluZGluZz0iIiBVcmxFbmNvZGU9IkZhbHNlIiBVc2VUb0dyb3VwUmVzdWx0cz0iRmFsc2UiIC8+DQogICAgICAgICAgICA8UXVlcnlTdHJpbmdQYXJhbWV0ZXIgTmFtZT0idHlwZSIgVmFsdWU9InhtbCIgUmVjb3JkZWRWYWx1ZT0ieG1sIiBDb3JyZWxhdGlvbkJpbmRpbmc9IiIgVXJsRW5jb2RlPSJGYWxzZSIgVXNlVG9Hcm91cFJlc3VsdHM9IkZhbHNlIiAvPg0KICAgICAgICAgIDwvUXVlcnlTdHJpbmdQYXJhbWV0ZXJzPg0KICAgICAgICA8L1JlcXVlc3Q+DQogICAgICA8L0RlcGVuZGVudFJlcXVlc3RzPg0KICAgICAgPFF1ZXJ5U3RyaW5nUGFyYW1ldGVycz4NCiAgICAgICAgPFF1ZXJ5U3RyaW5nUGFyYW1ldGVyIE5hbWU9Ikl0aW5lcmFyeUlkIiBWYWx1ZT0iNTNmNjNkMGI0NDA3NGIwOGEyNmYzMTFkYTcxMzUwOTYiIFJlY29yZGVkVmFsdWU9IjUzZjYzZDBiNDQwNzRiMDhhMjZmMzExZGE3MTM1MDk2IiBDb3JyZWxhdGlvbkJpbmRpbmc9IiIgVXJsRW5jb2RlPSJGYWxzZSIgVXNlVG9Hcm91cFJlc3VsdHM9IkZhbHNlIiAvPg0KICAgICAgICA8UXVlcnlTdHJpbmdQYXJhbWV0ZXIgTmFtZT0iSXNSZXplcnZhdGlvbiIgVmFsdWU9InRydWUiIFJlY29yZGVkVmFsdWU9InRydWUiIENvcnJlbGF0aW9uQmluZGluZz0iIiBVcmxFbmNvZGU9IkZhbHNlIiBVc2VUb0dyb3VwUmVzdWx0cz0iRmFsc2UiIC8+DQogICAgICAgIDxRdWVyeVN0cmluZ1BhcmFtZXRlciBOYW1lPSJBdXRoZW50aWNhdGlvbi5BZ2VuY3lDb2RlIiBWYWx1ZT0iZjk2YzFmZmQtM2NjMy00MzY0LWEzZTktNGUxM2VlNjllMGU4IiBSZWNvcmRlZFZhbHVlPSJmOTZjMWZmZC0zY2MzLTQzNjQtYTNlOS00ZTEzZWU2OWUwZTgiIENvcnJlbGF0aW9uQmluZGluZz0iIiBVcmxFbmNvZGU9IkZhbHNlIiBVc2VUb0dyb3VwUmVzdWx0cz0iRmFsc2UiIC8+DQogICAgICAgIDxRdWVyeVN0cmluZ1BhcmFtZXRlciBOYW1lPSJBdXRoZW50aWNhdGlvbi5BcGlQYXNzd29yZCIgVmFsdWU9IipTVD1hbWUzVzthcSIgUmVjb3JkZWRWYWx1ZT0iKlNUPWFtZTNXO2FxIiBDb3JyZWxhdGlvbkJpbmRpbmc9IiIgVXJsRW5jb2RlPSJGYWxzZSIgVXNlVG9Hcm91cFJlc3VsdHM9IkZhbHNlIiAvPg0KICAgICAgICA8UXVlcnlTdHJpbmdQYXJhbWV0ZXIgTmFtZT0iQXV0aGVudGljYXRpb24uVXNlck5hbWUiIFZhbHVlPSJvbWVyLm9uYWxAbWlrYXR1ci5jb20iIFJlY29yZGVkVmFsdWU9Im9tZXIub25hbEBtaWthdHVyLmNvbSIgQ29ycmVsYXRpb25CaW5kaW5nPSIiIFVybEVuY29kZT0iRmFsc2UiIFVzZVRvR3JvdXBSZXN1bHRzPSJGYWxzZSIgLz4NCiAgICAgICAgPFF1ZXJ5U3RyaW5nUGFyYW1ldGVyIE5hbWU9IkF1dGhlbnRpY2F0aW9uLlBhc3N3b3JkIiBWYWx1ZT0iMTIzNDU2IiBSZWNvcmRlZFZhbHVlPSIxMjM0NTYiIENvcnJlbGF0aW9uQmluZGluZz0iIiBVcmxFbmNvZGU9IkZhbHNlIiBVc2VUb0dyb3VwUmVzdWx0cz0iRmFsc2UiIC8+DQogICAgICAgIDxRdWVyeVN0cmluZ1BhcmFtZXRlciBOYW1lPSJQYXNzZW5nZXJzWzBdLlBhc3NlbmdlclR5cGUiIFZhbHVlPSJBZHVsdCIgUmVjb3JkZWRWYWx1ZT0iQWR1bHQiIENvcnJlbGF0aW9uQmluZGluZz0iIiBVcmxFbmNvZGU9IkZhbHNlIiBVc2VUb0dyb3VwUmVzdWx0cz0iRmFsc2UiIC8+DQogICAgICAgIDxRdWVyeVN0cmluZ1BhcmFtZXRlciBOYW1lPSJQYXNzZW5nZXJzWzBdLkdlbmRlciIgVmFsdWU9IlRydWUiIFJlY29yZGVkVmFsdWU9IlRydWUiIENvcnJlbGF0aW9uQmluZGluZz0iIiBVcmxFbmNvZGU9IkZhbHNlIiBVc2VUb0dyb3VwUmVzdWx0cz0iRmFsc2UiIC8+DQogICAgICAgIDxRdWVyeVN0cmluZ1BhcmFtZXRlciBOYW1lPSJQYXNzZW5nZXJzWzBdLkZpcnN0TmFtZSIgVmFsdWU9IiVDMyU5Nm1lciIgUmVjb3JkZWRWYWx1ZT0iJUMzJTk2bWVyIiBDb3JyZWxhdGlvbkJpbmRpbmc9IiIgVXJsRW5jb2RlPSJGYWxzZSIgVXNlVG9Hcm91cFJlc3VsdHM9IkZhbHNlIiAvPg0KICAgICAgICA8UXVlcnlTdHJpbmdQYXJhbWV0ZXIgTmFtZT0iUGFzc2VuZ2Vyc1swXS5MYXN0TmFtZSIgVmFsdWU9IiVDMyU5Nm5hbCIgUmVjb3JkZWRWYWx1ZT0iJUMzJTk2bmFsIiBDb3JyZWxhdGlvbkJpbmRpbmc9IiIgVXJsRW5jb2RlPSJGYWxzZSIgVXNlVG9Hcm91cFJlc3VsdHM9IkZhbHNlIiAvPg0KICAgICAgICA8UXVlcnlTdHJpbmdQYXJhbWV0ZXIgTmFtZT0iUGFzc2VuZ2Vyc1swXS5CaXJ0aERhdGUiIFZhbHVlPSIwOS4wNi4xOTg1JTIwMDA6MDA6MDAiIFJlY29yZGVkVmFsdWU9IjA5LjA2LjE5ODUlMjAwMDowMDowMCIgQ29ycmVsYXRpb25CaW5kaW5nPSIiIFVybEVuY29kZT0iRmFsc2UiIFVzZVRvR3JvdXBSZXN1bHRzPSJGYWxzZSIgLz4NCiAgICAgICAgPFF1ZXJ5U3RyaW5nUGFyYW1ldGVyIE5hbWU9IkNvbnRhY3RJbmZvLkdTTS5Db3VudHJ5Q29kZSIgVmFsdWU9IjkwIiBSZWNvcmRlZFZhbHVlPSI5MCIgQ29ycmVsYXRpb25CaW5kaW5nPSIiIFVybEVuY29kZT0iRmFsc2UiIFVzZVRvR3JvdXBSZXN1bHRzPSJGYWxzZSIgLz4NCiAgICAgICAgPFF1ZXJ5U3RyaW5nUGFyYW1ldGVyIE5hbWU9IkNvbnRhY3RJbmZvLkdTTS5DaXR5Q29kZSIgVmFsdWU9IjUzMiIgUmVjb3JkZWRWYWx1ZT0iNTMyIiBDb3JyZWxhdGlvbkJpbmRpbmc9IiIgVXJsRW5jb2RlPSJGYWxzZSIgVXNlVG9Hcm91cFJlc3VsdHM9IkZhbHNlIiAvPg0KICAgICAgICA8UXVlcnlTdHJpbmdQYXJhbWV0ZXIgTmFtZT0iQ29udGFjdEluZm8uR1NNLlBob25lIiBWYWx1ZT0iNDM3OTE5NyIgUmVjb3JkZWRWYWx1ZT0iNDM3OTE5NyIgQ29ycmVsYXRpb25CaW5kaW5nPSIiIFVybEVuY29kZT0iRmFsc2UiIFVzZVRvR3JvdXBSZXN1bHRzPSJGYWxzZSIgLz4NCiAgICAgICAgPFF1ZXJ5U3RyaW5nUGFyYW1ldGVyIE5hbWU9IkNvbnRhY3RJbmZvLlBob25lLkNvdW50cnlDb2RlIiBWYWx1ZT0iOTAiIFJlY29yZGVkVmFsdWU9IjkwIiBDb3JyZWxhdGlvbkJpbmRpbmc9IiIgVXJsRW5jb2RlPSJGYWxzZSIgVXNlVG9Hcm91cFJlc3VsdHM9IkZhbHNlIiAvPg0KICAgICAgICA8UXVlcnlTdHJpbmdQYXJhbWV0ZXIgTmFtZT0iQ29udGFjdEluZm8uUGhvbmUuQ2l0eUNvZGUiIFZhbHVlPSI1MzIiIFJlY29yZGVkVmFsdWU9IjUzMiIgQ29ycmVsYXRpb25CaW5kaW5nPSIiIFVybEVuY29kZT0iRmFsc2UiIFVzZVRvR3JvdXBSZXN1bHRzPSJGYWxzZSIgLz4NCiAgICAgICAgPFF1ZXJ5U3RyaW5nUGFyYW1ldGVyIE5hbWU9IkNvbnRhY3RJbmZvLlBob25lLlBob25lIiBWYWx1ZT0iNDM3OTE5NyIgUmVjb3JkZWRWYWx1ZT0iNDM3OTE5NyIgQ29ycmVsYXRpb25CaW5kaW5nPSIiIFVybEVuY29kZT0iRmFsc2UiIFVzZVRvR3JvdXBSZXN1bHRzPSJGYWxzZSIgLz4NCiAgICAgICAgPFF1ZXJ5U3RyaW5nUGFyYW1ldGVyIE5hbWU9IkNvbnRhY3RJbmZvLkVtYWlsIiBWYWx1ZT0ib21lci5vbmFsQGdtYWlsLmNvbSIgUmVjb3JkZWRWYWx1ZT0ib21lci5vbmFsQGdtYWlsLmNvbSIgQ29ycmVsYXRpb25CaW5kaW5nPSIiIFVybEVuY29kZT0iRmFsc2UiIFVzZVRvR3JvdXBSZXN1bHRzPSJGYWxzZSIgLz4NCiAgICAgICAgPFF1ZXJ5U3RyaW5nUGFyYW1ldGVyIE5hbWU9IkNvbnRhY3RJbmZvLkludm9pY2UuSW52b2ljZVR5cGUiIFZhbHVlPSJQZXJzb24iIFJlY29yZGVkVmFsdWU9IlBlcnNvbiIgQ29ycmVsYXRpb25CaW5kaW5nPSIiIFVybEVuY29kZT0iRmFsc2UiIFVzZVRvR3JvdXBSZXN1bHRzPSJGYWxzZSIgLz4NCiAgICAgICAgPFF1ZXJ5U3RyaW5nUGFyYW1ldGVyIE5hbWU9IkNvbnRhY3RJbmZvLkludm9pY2UuTmFtZSIgVmFsdWU9Ik9tZXIlMjBPTkFMIiBSZWNvcmRlZFZhbHVlPSJPbWVyJTIwT05BTCIgQ29ycmVsYXRpb25CaW5kaW5nPSIiIFVybEVuY29kZT0iRmFsc2UiIFVzZVRvR3JvdXBSZXN1bHRzPSJGYWxzZSIgLz4NCiAgICAgICAgPFF1ZXJ5U3RyaW5nUGFyYW1ldGVyIE5hbWU9IkNvbnRhY3RJbmZvLkludm9pY2UuQWRkcmVzcyIgVmFsdWU9IkthZ2l0aGFuZSIgUmVjb3JkZWRWYWx1ZT0iS2FnaXRoYW5lIiBDb3JyZWxhdGlvbkJpbmRpbmc9IiIgVXJsRW5jb2RlPSJGYWxzZSIgVXNlVG9Hcm91cFJlc3VsdHM9IkZhbHNlIiAvPg0KICAgICAgICA8UXVlcnlTdHJpbmdQYXJhbWV0ZXIgTmFtZT0iQ29udGFjdEluZm8uSW52b2ljZS5Qb3N0YWxDb2RlIiBWYWx1ZT0iMzQ0MTAiIFJlY29yZGVkVmFsdWU9IjM0NDEwIiBDb3JyZWxhdGlvbkJpbmRpbmc9IiIgVXJsRW5jb2RlPSJGYWxzZSIgVXNlVG9Hcm91cFJlc3VsdHM9IkZhbHNlIiAvPg0KICAgICAgICA8UXVlcnlTdHJpbmdQYXJhbWV0ZXIgTmFtZT0iQ29udGFjdEluZm8uSW52b2ljZS5DaXR5IiBWYWx1ZT0iSXN0YW5idWwiIFJlY29yZGVkVmFsdWU9IklzdGFuYnVsIiBDb3JyZWxhdGlvbkJpbmRpbmc9IiIgVXJsRW5jb2RlPSJGYWxzZSIgVXNlVG9Hcm91cFJlc3VsdHM9IkZhbHNlIiAvPg0KICAgICAgICA8UXVlcnlTdHJpbmdQYXJhbWV0ZXIgTmFtZT0iQ29udGFjdEluZm8uSW52b2ljZS5Db3VudHJ5IiBWYWx1ZT0iVHVya2l5ZSIgUmVjb3JkZWRWYWx1ZT0iVHVya2l5ZSIgQ29ycmVsYXRpb25CaW5kaW5nPSIiIFVybEVuY29kZT0iRmFsc2UiIFVzZVRvR3JvdXBSZXN1bHRzPSJGYWxzZSIgLz4NCiAgICAgICAgPFF1ZXJ5U3RyaW5nUGFyYW1ldGVyIE5hbWU9IkNvbnRhY3RJbmZvLkludm9pY2UuVGF4TnVtYmVyIiBWYWx1ZT0iMTIzNDU2IiBSZWNvcmRlZFZhbHVlPSIxMjM0NTYiIENvcnJlbGF0aW9uQmluZGluZz0iIiBVcmxFbmNvZGU9IkZhbHNlIiBVc2VUb0dyb3VwUmVzdWx0cz0iRmFsc2UiIC8+DQogICAgICAgIDxRdWVyeVN0cmluZ1BhcmFtZXRlciBOYW1lPSJDb250YWN0SW5mby5JbnZvaWNlLlRheE9mZmljZSIgVmFsdWU9IlppbmNpcmxpa3V5dSIgUmVjb3JkZWRWYWx1ZT0iWmluY2lybGlrdXl1IiBDb3JyZWxhdGlvbkJpbmRpbmc9IiIgVXJsRW5jb2RlPSJGYWxzZSIgVXNlVG9Hcm91cFJlc3VsdHM9IkZhbHNlIiAvPg0KICAgICAgICA8UXVlcnlTdHJpbmdQYXJhbWV0ZXIgTmFtZT0idHlwZSIgVmFsdWU9InhtbCIgUmVjb3JkZWRWYWx1ZT0ieG1sIiBDb3JyZWxhdGlvbkJpbmRpbmc9IiIgVXJsRW5jb2RlPSJGYWxzZSIgVXNlVG9Hcm91cFJlc3VsdHM9IkZhbHNlIiAvPg0KICAgICAgPC9RdWVyeVN0cmluZ1BhcmFtZXRlcnM+DQogICAgPC9SZXF1ZXN0Pg0KICAgIDxSZXF1ZXN0IE1ldGhvZD0iR0VUIiBHdWlkPSIwY2YxZWZhNC05MWNkLTRiMDAtOWE5ZC01NWNhODM1ZmNjOTgiIFZlcnNpb249IjEuMSIgVXJsPSJodHRwOi8vbG9jYWxob3N0OjI4ODUvYXBpL0ZsaWdodC9Cb29rQ2hhcmdlIiBUaGlua1RpbWU9IjIzIiBUaW1lb3V0PSIzMDAiIFBhcnNlRGVwZW5kZW50UmVxdWVzdHM9IlRydWUiIEZvbGxvd1JlZGlyZWN0cz0iVHJ1ZSIgUmVjb3JkUmVzdWx0PSJUcnVlIiBDYWNoZT0iRmFsc2UiIFJlc3BvbnNlVGltZUdvYWw9IjAiIEVuY29kaW5nPSJ1dGYtOCIgRXhwZWN0ZWRIdHRwU3RhdHVzQ29kZT0iMCIgRXhwZWN0ZWRSZXNwb25zZVVybD0iIiBSZXBvcnRpbmdOYW1lPSIiIElnbm9yZUh0dHBTdGF0dXNDb2RlPSJGYWxzZSI+DQogICAgICA8UXVlcnlTdHJpbmdQYXJhbWV0ZXJzPg0KICAgICAgICA8UXVlcnlTdHJpbmdQYXJhbWV0ZXIgTmFtZT0icmVmZXJlbmNlSWQiIFZhbHVlPSI2ODk1NmQyOGU5OTM0YTg0YjRhNWY4ODMxODYzZDM3NiIgUmVjb3JkZWRWYWx1ZT0iNjg5NTZkMjhlOTkzNGE4NGI0YTVmODgzMTg2M2QzNzYiIENvcnJlbGF0aW9uQmluZGluZz0iIiBVcmxFbmNvZGU9IkZhbHNlIiBVc2VUb0dyb3VwUmVzdWx0cz0iRmFsc2UiIC8+DQogICAgICA8L1F1ZXJ5U3RyaW5nUGFyYW1ldGVycz4NCiAgICA8L1JlcXVlc3Q+DQogICAgPFJlcXVlc3QgTWV0aG9kPSJHRVQiIEd1aWQ9IjVjNjllNzI2LWNkZTYtNGYzMi04NjcxLWY1ZDNmYzI5ZjRlMyIgVmVyc2lvbj0iMS4xIiBVcmw9Imh0dHA6Ly9sb2NhbGhvc3Q6Mjg4NS9hcGkvRmxpZ2h0L0Jvb2siIFRoaW5rVGltZT0iMCIgVGltZW91dD0iMzAwIiBQYXJzZURlcGVuZGVudFJlcXVlc3RzPSJUcnVlIiBGb2xsb3dSZWRpcmVjdHM9IlRydWUiIFJlY29yZFJlc3VsdD0iVHJ1ZSIgQ2FjaGU9IkZhbHNlIiBSZXNwb25zZVRpbWVHb2FsPSIwIiBFbmNvZGluZz0idXRmLTgiIEV4cGVjdGVkSHR0cFN0YXR1c0NvZGU9IjAiIEV4cGVjdGVkUmVzcG9uc2VVcmw9IiIgUmVwb3J0aW5nTmFtZT0iIiBJZ25vcmVIdHRwU3RhdHVzQ29kZT0iRmFsc2UiPg0KICAgICAgPERlcGVuZGVudFJlcXVlc3RzPg0KICAgICAgICA8UmVxdWVzdCBNZXRob2Q9IkdFVCIgR3VpZD0iNDE5OTE5MjQtNWZlNC00MDMwLTkwYmUtMzA2YjlmMTNlZWM3IiBWZXJzaW9uPSIxLjEiIFVybD0iaHR0cDovL2xvY2FsaG9zdDoyODg1L2FwaS9GbGlnaHQvQm9vayIgVGhpbmtUaW1lPSIxNyIgVGltZW91dD0iMzAwIiBQYXJzZURlcGVuZGVudFJlcXVlc3RzPSJUcnVlIiBGb2xsb3dSZWRpcmVjdHM9IlRydWUiIFJlY29yZFJlc3VsdD0iVHJ1ZSIgQ2FjaGU9IkZhbHNlIiBSZXNwb25zZVRpbWVHb2FsPSIwIiBFbmNvZGluZz0idXRmLTgiIEV4cGVjdGVkSHR0cFN0YXR1c0NvZGU9IjAiIEV4cGVjdGVkUmVzcG9uc2VVcmw9IiIgUmVwb3J0aW5nTmFtZT0iIiBJZ25vcmVIdHRwU3RhdHVzQ29kZT0iRmFsc2UiPg0KICAgICAgICAgIDxRdWVyeVN0cmluZ1BhcmFtZXRlcnM+DQogICAgICAgICAgICA8UXVlcnlTdHJpbmdQYXJhbWV0ZXIgTmFtZT0iSXRpbmVyYXJ5SWQiIFZhbHVlPSJjMmU2YTA1ZGZjZDQ0MTQyOTM0NzU1ZDYyNTdlNTgyZSIgUmVjb3JkZWRWYWx1ZT0iYzJlNmEwNWRmY2Q0NDE0MjkzNDc1NWQ2MjU3ZTU4MmUiIENvcnJlbGF0aW9uQmluZGluZz0iIiBVcmxFbmNvZGU9IkZhbHNlIiBVc2VUb0dyb3VwUmVzdWx0cz0iRmFsc2UiIC8+DQogICAgICAgICAgICA8UXVlcnlTdHJpbmdQYXJhbWV0ZXIgTmFtZT0iSXNSZXplcnZhdGlvbiIgVmFsdWU9InRydWUiIFJlY29yZGVkVmFsdWU9InRydWUiIENvcnJlbGF0aW9uQmluZGluZz0iIiBVcmxFbmNvZGU9IkZhbHNlIiBVc2VUb0dyb3VwUmVzdWx0cz0iRmFsc2UiIC8+DQogICAgICAgICAgICA8UXVlcnlTdHJpbmdQYXJhbWV0ZXIgTmFtZT0iQXV0aGVudGljYXRpb24uQWdlbmN5Q29kZSIgVmFsdWU9ImY5NmMxZmZkLTNjYzMtNDM2NC1hM2U5LTRlMTNlZTY5ZTBlOCIgUmVjb3JkZWRWYWx1ZT0iZjk2YzFmZmQtM2NjMy00MzY0LWEzZTktNGUxM2VlNjllMGU4IiBDb3JyZWxhdGlvbkJpbmRpbmc9IiIgVXJsRW5jb2RlPSJGYWxzZSIgVXNlVG9Hcm91cFJlc3VsdHM9IkZhbHNlIiAvPg0KICAgICAgICAgICAgPFF1ZXJ5U3RyaW5nUGFyYW1ldGVyIE5hbWU9IkF1dGhlbnRpY2F0aW9uLkFwaVBhc3N3b3JkIiBWYWx1ZT0iKlNUJTNkYW1lM1c7YXEiIFJlY29yZGVkVmFsdWU9IipTVCUzZGFtZTNXO2FxIiBDb3JyZWxhdGlvbkJpbmRpbmc9IiIgVXJsRW5jb2RlPSJGYWxzZSIgVXNlVG9Hcm91cFJlc3VsdHM9IkZhbHNlIiAvPg0KICAgICAgICAgICAgPFF1ZXJ5U3RyaW5nUGFyYW1ldGVyIE5hbWU9IkF1dGhlbnRpY2F0aW9uLlVzZXJOYW1lIiBWYWx1ZT0ib21lci5vbmFsQG1pa2F0dXIuY29tIiBSZWNvcmRlZFZhbHVlPSJvbWVyLm9uYWxAbWlrYXR1ci5jb20iIENvcnJlbGF0aW9uQmluZGluZz0iIiBVcmxFbmNvZGU9IkZhbHNlIiBVc2VUb0dyb3VwUmVzdWx0cz0iRmFsc2UiIC8+DQogICAgICAgICAgICA8UXVlcnlTdHJpbmdQYXJhbWV0ZXIgTmFtZT0iQXV0aGVudGljYXRpb24uUGFzc3dvcmQiIFZhbHVlPSIxMjM0NTYiIFJlY29yZGVkVmFsdWU9IjEyMzQ1NiIgQ29ycmVsYXRpb25CaW5kaW5nPSIiIFVybEVuY29kZT0iRmFsc2UiIFVzZVRvR3JvdXBSZXN1bHRzPSJGYWxzZSIgLz4NCiAgICAgICAgICAgIDxRdWVyeVN0cmluZ1BhcmFtZXRlciBOYW1lPSJQYXNzZW5nZXJzWzBdLlBhc3NlbmdlclR5cGUiIFZhbHVlPSJBZHVsdCIgUmVjb3JkZWRWYWx1ZT0iQWR1bHQiIENvcnJlbGF0aW9uQmluZGluZz0iIiBVcmxFbmNvZGU9IkZhbHNlIiBVc2VUb0dyb3VwUmVzdWx0cz0iRmFsc2UiIC8+DQogICAgICAgICAgICA8UXVlcnlTdHJpbmdQYXJhbWV0ZXIgTmFtZT0iUGFzc2VuZ2Vyc1swXS5HZW5kZXIiIFZhbHVlPSJUcnVlIiBSZWNvcmRlZFZhbHVlPSJUcnVlIiBDb3JyZWxhdGlvbkJpbmRpbmc9IiIgVXJsRW5jb2RlPSJGYWxzZSIgVXNlVG9Hcm91cFJlc3VsdHM9IkZhbHNlIiAvPg0KICAgICAgICAgICAgPFF1ZXJ5U3RyaW5nUGFyYW1ldGVyIE5hbWU9IlBhc3NlbmdlcnNbMF0uRmlyc3ROYW1lIiBWYWx1ZT0iJUMzJTk2bWVyIiBSZWNvcmRlZFZhbHVlPSIlQzMlOTZtZXIiIENvcnJlbGF0aW9uQmluZGluZz0iIiBVcmxFbmNvZGU9IkZhbHNlIiBVc2VUb0dyb3VwUmVzdWx0cz0iRmFsc2UiIC8+DQogICAgICAgICAgICA8UXVlcnlTdHJpbmdQYXJhbWV0ZXIgTmFtZT0iUGFzc2VuZ2Vyc1swXS5MYXN0TmFtZSIgVmFsdWU9IiVDMyU5Nm5hbCIgUmVjb3JkZWRWYWx1ZT0iJUMzJTk2bmFsIiBDb3JyZWxhdGlvbkJpbmRpbmc9IiIgVXJsRW5jb2RlPSJGYWxzZSIgVXNlVG9Hcm91cFJlc3VsdHM9IkZhbHNlIiAvPg0KICAgICAgICAgICAgPFF1ZXJ5U3RyaW5nUGFyYW1ldGVyIE5hbWU9IlBhc3NlbmdlcnNbMF0uQmlydGhEYXRlIiBWYWx1ZT0iMDkuMDYuMTk4NSUyMDAwOjAwOjAwIiBSZWNvcmRlZFZhbHVlPSIwOS4wNi4xOTg1JTIwMDA6MDA6MDAiIENvcnJlbGF0aW9uQmluZGluZz0iIiBVcmxFbmNvZGU9IkZhbHNlIiBVc2VUb0dyb3VwUmVzdWx0cz0iRmFsc2UiIC8+DQogICAgICAgICAgICA8UXVlcnlTdHJpbmdQYXJhbWV0ZXIgTmFtZT0iQ29udGFjdEluZm8uR1NNLkNvdW50cnlDb2RlIiBWYWx1ZT0iOTAiIFJlY29yZGVkVmFsdWU9IjkwIiBDb3JyZWxhdGlvbkJpbmRpbmc9IiIgVXJsRW5jb2RlPSJGYWxzZSIgVXNlVG9Hcm91cFJlc3VsdHM9IkZhbHNlIiAvPg0KICAgICAgICAgICAgPFF1ZXJ5U3RyaW5nUGFyYW1ldGVyIE5hbWU9IkNvbnRhY3RJbmZvLkdTTS5DaXR5Q29kZSIgVmFsdWU9IjUzMiIgUmVjb3JkZWRWYWx1ZT0iNTMyIiBDb3JyZWxhdGlvbkJpbmRpbmc9IiIgVXJsRW5jb2RlPSJGYWxzZSIgVXNlVG9Hcm91cFJlc3VsdHM9IkZhbHNlIiAvPg0KICAgICAgICAgICAgPFF1ZXJ5U3RyaW5nUGFyYW1ldGVyIE5hbWU9IkNvbnRhY3RJbmZvLkdTTS5QaG9uZSIgVmFsdWU9IjQzNzkxOTciIFJlY29yZGVkVmFsdWU9IjQzNzkxOTciIENvcnJlbGF0aW9uQmluZGluZz0iIiBVcmxFbmNvZGU9IkZhbHNlIiBVc2VUb0dyb3VwUmVzdWx0cz0iRmFsc2UiIC8+DQogICAgICAgICAgICA8UXVlcnlTdHJpbmdQYXJhbWV0ZXIgTmFtZT0iQ29udGFjdEluZm8uUGhvbmUuQ291bnRyeUNvZGUiIFZhbHVlPSI5MCIgUmVjb3JkZWRWYWx1ZT0iOTAiIENvcnJlbGF0aW9uQmluZGluZz0iIiBVcmxFbmNvZGU9IkZhbHNlIiBVc2VUb0dyb3VwUmVzdWx0cz0iRmFsc2UiIC8+DQogICAgICAgICAgICA8UXVlcnlTdHJpbmdQYXJhbWV0ZXIgTmFtZT0iQ29udGFjdEluZm8uUGhvbmUuQ2l0eUNvZGUiIFZhbHVlPSI1MzIiIFJlY29yZGVkVmFsdWU9IjUzMiIgQ29ycmVsYXRpb25CaW5kaW5nPSIiIFVybEVuY29kZT0iRmFsc2UiIFVzZVRvR3JvdXBSZXN1bHRzPSJGYWxzZSIgLz4NCiAgICAgICAgICAgIDxRdWVyeVN0cmluZ1BhcmFtZXRlciBOYW1lPSJDb250YWN0SW5mby5QaG9uZS5QaG9uZSIgVmFsdWU9IjQzNzkxOTciIFJlY29yZGVkVmFsdWU9IjQzNzkxOTciIENvcnJlbGF0aW9uQmluZGluZz0iIiBVcmxFbmNvZGU9IkZhbHNlIiBVc2VUb0dyb3VwUmVzdWx0cz0iRmFsc2UiIC8+DQogICAgICAgICAgICA8UXVlcnlTdHJpbmdQYXJhbWV0ZXIgTmFtZT0iQ29udGFjdEluZm8uRW1haWwiIFZhbHVlPSJvbWVyLm9uYWxAZ21haWwuY29tIiBSZWNvcmRlZFZhbHVlPSJvbWVyLm9uYWxAZ21haWwuY29tIiBDb3JyZWxhdGlvbkJpbmRpbmc9IiIgVXJsRW5jb2RlPSJGYWxzZSIgVXNlVG9Hcm91cFJlc3VsdHM9IkZhbHNlIiAvPg0KICAgICAgICAgICAgPFF1ZXJ5U3RyaW5nUGFyYW1ldGVyIE5hbWU9IkNvbnRhY3RJbmZvLkludm9pY2UuSW52b2ljZVR5cGUiIFZhbHVlPSJQZXJzb24iIFJlY29yZGVkVmFsdWU9IlBlcnNvbiIgQ29ycmVsYXRpb25CaW5kaW5nPSIiIFVybEVuY29kZT0iRmFsc2UiIFVzZVRvR3JvdXBSZXN1bHRzPSJGYWxzZSIgLz4NCiAgICAgICAgICAgIDxRdWVyeVN0cmluZ1BhcmFtZXRlciBOYW1lPSJDb250YWN0SW5mby5JbnZvaWNlLk5hbWUiIFZhbHVlPSJPbWVyJTIwT05BTCIgUmVjb3JkZWRWYWx1ZT0iT21lciUyME9OQUwiIENvcnJlbGF0aW9uQmluZGluZz0iIiBVcmxFbmNvZGU9IkZhbHNlIiBVc2VUb0dyb3VwUmVzdWx0cz0iRmFsc2UiIC8+DQogICAgICAgICAgICA8UXVlcnlTdHJpbmdQYXJhbWV0ZXIgTmFtZT0iQ29udGFjdEluZm8uSW52b2ljZS5BZGRyZXNzIiBWYWx1ZT0iS2FnaXRoYW5lIiBSZWNvcmRlZFZhbHVlPSJLYWdpdGhhbmUiIENvcnJlbGF0aW9uQmluZGluZz0iIiBVcmxFbmNvZGU9IkZhbHNlIiBVc2VUb0dyb3VwUmVzdWx0cz0iRmFsc2UiIC8+DQogICAgICAgICAgICA8UXVlcnlTdHJpbmdQYXJhbWV0ZXIgTmFtZT0iQ29udGFjdEluZm8uSW52b2ljZS5Qb3N0YWxDb2RlIiBWYWx1ZT0iMzQ0MTAiIFJlY29yZGVkVmFsdWU9IjM0NDEwIiBDb3JyZWxhdGlvbkJpbmRpbmc9IiIgVXJsRW5jb2RlPSJGYWxzZSIgVXNlVG9Hcm91cFJlc3VsdHM9IkZhbHNlIiAvPg0KICAgICAgICAgICAgPFF1ZXJ5U3RyaW5nUGFyYW1ldGVyIE5hbWU9IkNvbnRhY3RJbmZvLkludm9pY2UuQ2l0eSIgVmFsdWU9IklzdGFuYnVsIiBSZWNvcmRlZFZhbHVlPSJJc3RhbmJ1bCIgQ29ycmVsYXRpb25CaW5kaW5nPSIiIFVybEVuY29kZT0iRmFsc2UiIFVzZVRvR3JvdXBSZXN1bHRzPSJGYWxzZSIgLz4NCiAgICAgICAgICAgIDxRdWVyeVN0cmluZ1BhcmFtZXRlciBOYW1lPSJDb250YWN0SW5mby5JbnZvaWNlLkNvdW50cnkiIFZhbHVlPSJUdXJraXllIiBSZWNvcmRlZFZhbHVlPSJUdXJraXllIiBDb3JyZWxhdGlvbkJpbmRpbmc9IiIgVXJsRW5jb2RlPSJGYWxzZSIgVXNlVG9Hcm91cFJlc3VsdHM9IkZhbHNlIiAvPg0KICAgICAgICAgICAgPFF1ZXJ5U3RyaW5nUGFyYW1ldGVyIE5hbWU9IkNvbnRhY3RJbmZvLkludm9pY2UuVGF4TnVtYmVyIiBWYWx1ZT0iMTIzNDU2IiBSZWNvcmRlZFZhbHVlPSIxMjM0NTYiIENvcnJlbGF0aW9uQmluZGluZz0iIiBVcmxFbmNvZGU9IkZhbHNlIiBVc2VUb0dyb3VwUmVzdWx0cz0iRmFsc2UiIC8+DQogICAgICAgICAgICA8UXVlcnlTdHJpbmdQYXJhbWV0ZXIgTmFtZT0iQ29udGFjdEluZm8uSW52b2ljZS5UYXhPZmZpY2UiIFZhbHVlPSJaaW5jaXJsaWt1eXUiIFJlY29yZGVkVmFsdWU9IlppbmNpcmxpa3V5dSIgQ29ycmVsYXRpb25CaW5kaW5nPSIiIFVybEVuY29kZT0iRmFsc2UiIFVzZVRvR3JvdXBSZXN1bHRzPSJGYWxzZSIgLz4NCiAgICAgICAgICAgIDxRdWVyeVN0cmluZ1BhcmFtZXRlciBOYW1lPSJ0eXBlIiBWYWx1ZT0ieG1sIiBSZWNvcmRlZFZhbHVlPSJ4bWwiIENvcnJlbGF0aW9uQmluZGluZz0iIiBVcmxFbmNvZGU9IkZhbHNlIiBVc2VUb0dyb3VwUmVzdWx0cz0iRmFsc2UiIC8+DQogICAgICAgICAgPC9RdWVyeVN0cmluZ1BhcmFtZXRlcnM+DQogICAgICAgIDwvUmVxdWVzdD4NCiAgICAgIDwvRGVwZW5kZW50UmVxdWVzdHM+DQogICAgICA8UXVlcnlTdHJpbmdQYXJhbWV0ZXJzPg0KICAgICAgICA8UXVlcnlTdHJpbmdQYXJhbWV0ZXIgTmFtZT0iSXRpbmVyYXJ5SWQiIFZhbHVlPSJjMmU2YTA1ZGZjZDQ0MTQyOTM0NzU1ZDYyNTdlNTgyZSIgUmVjb3JkZWRWYWx1ZT0iYzJlNmEwNWRmY2Q0NDE0MjkzNDc1NWQ2MjU3ZTU4MmUiIENvcnJlbGF0aW9uQmluZGluZz0iIiBVcmxFbmNvZGU9IkZhbHNlIiBVc2VUb0dyb3VwUmVzdWx0cz0iRmFsc2UiIC8+DQogICAgICAgIDxRdWVyeVN0cmluZ1BhcmFtZXRlciBOYW1lPSJJc1JlemVydmF0aW9uIiBWYWx1ZT0idHJ1ZSIgUmVjb3JkZWRWYWx1ZT0idHJ1ZSIgQ29ycmVsYXRpb25CaW5kaW5nPSIiIFVybEVuY29kZT0iRmFsc2UiIFVzZVRvR3JvdXBSZXN1bHRzPSJGYWxzZSIgLz4NCiAgICAgICAgPFF1ZXJ5U3RyaW5nUGFyYW1ldGVyIE5hbWU9IkF1dGhlbnRpY2F0aW9uLkFnZW5jeUNvZGUiIFZhbHVlPSJmOTZjMWZmZC0zY2MzLTQzNjQtYTNlOS00ZTEzZWU2OWUwZTgiIFJlY29yZGVkVmFsdWU9ImY5NmMxZmZkLTNjYzMtNDM2NC1hM2U5LTRlMTNlZTY5ZTBlOCIgQ29ycmVsYXRpb25CaW5kaW5nPSIiIFVybEVuY29kZT0iRmFsc2UiIFVzZVRvR3JvdXBSZXN1bHRzPSJGYWxzZSIgLz4NCiAgICAgICAgPFF1ZXJ5U3RyaW5nUGFyYW1ldGVyIE5hbWU9IkF1dGhlbnRpY2F0aW9uLkFwaVBhc3N3b3JkIiBWYWx1ZT0iKlNUPWFtZTNXO2FxIiBSZWNvcmRlZFZhbHVlPSIqU1Q9YW1lM1c7YXEiIENvcnJlbGF0aW9uQmluZGluZz0iIiBVcmxFbmNvZGU9IkZhbHNlIiBVc2VUb0dyb3VwUmVzdWx0cz0iRmFsc2UiIC8+DQogICAgICAgIDxRdWVyeVN0cmluZ1BhcmFtZXRlciBOYW1lPSJBdXRoZW50aWNhdGlvbi5Vc2VyTmFtZSIgVmFsdWU9Im9tZXIub25hbEBtaWthdHVyLmNvbSIgUmVjb3JkZWRWYWx1ZT0ib21lci5vbmFsQG1pa2F0dXIuY29tIiBDb3JyZWxhdGlvbkJpbmRpbmc9IiIgVXJsRW5jb2RlPSJGYWxzZSIgVXNlVG9Hcm91cFJlc3VsdHM9IkZhbHNlIiAvPg0KICAgICAgICA8UXVlcnlTdHJpbmdQYXJhbWV0ZXIgTmFtZT0iQXV0aGVudGljYXRpb24uUGFzc3dvcmQiIFZhbHVlPSIxMjM0NTYiIFJlY29yZGVkVmFsdWU9IjEyMzQ1NiIgQ29ycmVsYXRpb25CaW5kaW5nPSIiIFVybEVuY29kZT0iRmFsc2UiIFVzZVRvR3JvdXBSZXN1bHRzPSJGYWxzZSIgLz4NCiAgICAgICAgPFF1ZXJ5U3RyaW5nUGFyYW1ldGVyIE5hbWU9IlBhc3NlbmdlcnNbMF0uUGFzc2VuZ2VyVHlwZSIgVmFsdWU9IkFkdWx0IiBSZWNvcmRlZFZhbHVlPSJBZHVsdCIgQ29ycmVsYXRpb25CaW5kaW5nPSIiIFVybEVuY29kZT0iRmFsc2UiIFVzZVRvR3JvdXBSZXN1bHRzPSJGYWxzZSIgLz4NCiAgICAgICAgPFF1ZXJ5U3RyaW5nUGFyYW1ldGVyIE5hbWU9IlBhc3NlbmdlcnNbMF0uR2VuZGVyIiBWYWx1ZT0iVHJ1ZSIgUmVjb3JkZWRWYWx1ZT0iVHJ1ZSIgQ29ycmVsYXRpb25CaW5kaW5nPSIiIFVybEVuY29kZT0iRmFsc2UiIFVzZVRvR3JvdXBSZXN1bHRzPSJGYWxzZSIgLz4NCiAgICAgICAgPFF1ZXJ5U3RyaW5nUGFyYW1ldGVyIE5hbWU9IlBhc3NlbmdlcnNbMF0uRmlyc3ROYW1lIiBWYWx1ZT0iJUMzJTk2bWVyIiBSZWNvcmRlZFZhbHVlPSIlQzMlOTZtZXIiIENvcnJlbGF0aW9uQmluZGluZz0iIiBVcmxFbmNvZGU9IkZhbHNlIiBVc2VUb0dyb3VwUmVzdWx0cz0iRmFsc2UiIC8+DQogICAgICAgIDxRdWVyeVN0cmluZ1BhcmFtZXRlciBOYW1lPSJQYXNzZW5nZXJzWzBdLkxhc3ROYW1lIiBWYWx1ZT0iJUMzJTk2bmFsIiBSZWNvcmRlZFZhbHVlPSIlQzMlOTZuYWwiIENvcnJlbGF0aW9uQmluZGluZz0iIiBVcmxFbmNvZGU9IkZhbHNlIiBVc2VUb0dyb3VwUmVzdWx0cz0iRmFsc2UiIC8+DQogICAgICAgIDxRdWVyeVN0cmluZ1BhcmFtZXRlciBOYW1lPSJQYXNzZW5nZXJzWzBdLkJpcnRoRGF0ZSIgVmFsdWU9IjA5LjA2LjE5ODUlMjAwMDowMDowMCIgUmVjb3JkZWRWYWx1ZT0iMDkuMDYuMTk4NSUyMDAwOjAwOjAwIiBDb3JyZWxhdGlvbkJpbmRpbmc9IiIgVXJsRW5jb2RlPSJGYWxzZSIgVXNlVG9Hcm91cFJlc3VsdHM9IkZhbHNlIiAvPg0KICAgICAgICA8UXVlcnlTdHJpbmdQYXJhbWV0ZXIgTmFtZT0iQ29udGFjdEluZm8uR1NNLkNvdW50cnlDb2RlIiBWYWx1ZT0iOTAiIFJlY29yZGVkVmFsdWU9IjkwIiBDb3JyZWxhdGlvbkJpbmRpbmc9IiIgVXJsRW5jb2RlPSJGYWxzZSIgVXNlVG9Hcm91cFJlc3VsdHM9IkZhbHNlIiAvPg0KICAgICAgICA8UXVlcnlTdHJpbmdQYXJhbWV0ZXIgTmFtZT0iQ29udGFjdEluZm8uR1NNLkNpdHlDb2RlIiBWYWx1ZT0iNTMyIiBSZWNvcmRlZFZhbHVlPSI1MzIiIENvcnJlbGF0aW9uQmluZGluZz0iIiBVcmxFbmNvZGU9IkZhbHNlIiBVc2VUb0dyb3VwUmVzdWx0cz0iRmFsc2UiIC8+DQogICAgICAgIDxRdWVyeVN0cmluZ1BhcmFtZXRlciBOYW1lPSJDb250YWN0SW5mby5HU00uUGhvbmUiIFZhbHVlPSI0Mzc5MTk3IiBSZWNvcmRlZFZhbHVlPSI0Mzc5MTk3IiBDb3JyZWxhdGlvbkJpbmRpbmc9IiIgVXJsRW5jb2RlPSJGYWxzZSIgVXNlVG9Hcm91cFJlc3VsdHM9IkZhbHNlIiAvPg0KICAgICAgICA8UXVlcnlTdHJpbmdQYXJhbWV0ZXIgTmFtZT0iQ29udGFjdEluZm8uUGhvbmUuQ291bnRyeUNvZGUiIFZhbHVlPSI5MCIgUmVjb3JkZWRWYWx1ZT0iOTAiIENvcnJlbGF0aW9uQmluZGluZz0iIiBVcmxFbmNvZGU9IkZhbHNlIiBVc2VUb0dyb3VwUmVzdWx0cz0iRmFsc2UiIC8+DQogICAgICAgIDxRdWVyeVN0cmluZ1BhcmFtZXRlciBOYW1lPSJDb250YWN0SW5mby5QaG9uZS5DaXR5Q29kZSIgVmFsdWU9IjUzMiIgUmVjb3JkZWRWYWx1ZT0iNTMyIiBDb3JyZWxhdGlvbkJpbmRpbmc9IiIgVXJsRW5jb2RlPSJGYWxzZSIgVXNlVG9Hcm91cFJlc3VsdHM9IkZhbHNlIiAvPg0KICAgICAgICA8UXVlcnlTdHJpbmdQYXJhbWV0ZXIgTmFtZT0iQ29udGFjdEluZm8uUGhvbmUuUGhvbmUiIFZhbHVlPSI0Mzc5MTk3IiBSZWNvcmRlZFZhbHVlPSI0Mzc5MTk3IiBDb3JyZWxhdGlvbkJpbmRpbmc9IiIgVXJsRW5jb2RlPSJGYWxzZSIgVXNlVG9Hcm91cFJlc3VsdHM9IkZhbHNlIiAvPg0KICAgICAgICA8UXVlcnlTdHJpbmdQYXJhbWV0ZXIgTmFtZT0iQ29udGFjdEluZm8uRW1haWwiIFZhbHVlPSJvbWVyLm9uYWxAZ21haWwuY29tIiBSZWNvcmRlZFZhbHVlPSJvbWVyLm9uYWxAZ21haWwuY29tIiBDb3JyZWxhdGlvbkJpbmRpbmc9IiIgVXJsRW5jb2RlPSJGYWxzZSIgVXNlVG9Hcm91cFJlc3VsdHM9IkZhbHNlIiAvPg0KICAgICAgICA8UXVlcnlTdHJpbmdQYXJhbWV0ZXIgTmFtZT0iQ29udGFjdEluZm8uSW52b2ljZS5JbnZvaWNlVHlwZSIgVmFsdWU9IlBlcnNvbiIgUmVjb3JkZWRWYWx1ZT0iUGVyc29uIiBDb3JyZWxhdGlvbkJpbmRpbmc9IiIgVXJsRW5jb2RlPSJGYWxzZSIgVXNlVG9Hcm91cFJlc3VsdHM9IkZhbHNlIiAvPg0KICAgICAgICA8UXVlcnlTdHJpbmdQYXJhbWV0ZXIgTmFtZT0iQ29udGFjdEluZm8uSW52b2ljZS5OYW1lIiBWYWx1ZT0iT21lciUyME9OQUwiIFJlY29yZGVkVmFsdWU9Ik9tZXIlMjBPTkFMIiBDb3JyZWxhdGlvbkJpbmRpbmc9IiIgVXJsRW5jb2RlPSJGYWxzZSIgVXNlVG9Hcm91cFJlc3VsdHM9IkZhbHNlIiAvPg0KICAgICAgICA8UXVlcnlTdHJpbmdQYXJhbWV0ZXIgTmFtZT0iQ29udGFjdEluZm8uSW52b2ljZS5BZGRyZXNzIiBWYWx1ZT0iS2FnaXRoYW5lIiBSZWNvcmRlZFZhbHVlPSJLYWdpdGhhbmUiIENvcnJlbGF0aW9uQmluZGluZz0iIiBVcmxFbmNvZGU9IkZhbHNlIiBVc2VUb0dyb3VwUmVzdWx0cz0iRmFsc2UiIC8+DQogICAgICAgIDxRdWVyeVN0cmluZ1BhcmFtZXRlciBOYW1lPSJDb250YWN0SW5mby5JbnZvaWNlLlBvc3RhbENvZGUiIFZhbHVlPSIzNDQxMCIgUmVjb3JkZWRWYWx1ZT0iMzQ0MTAiIENvcnJlbGF0aW9uQmluZGluZz0iIiBVcmxFbmNvZGU9IkZhbHNlIiBVc2VUb0dyb3VwUmVzdWx0cz0iRmFsc2UiIC8+DQogICAgICAgIDxRdWVyeVN0cmluZ1BhcmFtZXRlciBOYW1lPSJDb250YWN0SW5mby5JbnZvaWNlLkNpdHkiIFZhbHVlPSJJc3RhbmJ1bCIgUmVjb3JkZWRWYWx1ZT0iSXN0YW5idWwiIENvcnJlbGF0aW9uQmluZGluZz0iIiBVcmxFbmNvZGU9IkZhbHNlIiBVc2VUb0dyb3VwUmVzdWx0cz0iRmFsc2UiIC8+DQogICAgICAgIDxRdWVyeVN0cmluZ1BhcmFtZXRlciBOYW1lPSJDb250YWN0SW5mby5JbnZvaWNlLkNvdW50cnkiIFZhbHVlPSJUdXJraXllIiBSZWNvcmRlZFZhbHVlPSJUdXJraXllIiBDb3JyZWxhdGlvbkJpbmRpbmc9IiIgVXJsRW5jb2RlPSJGYWxzZSIgVXNlVG9Hcm91cFJlc3VsdHM9IkZhbHNlIiAvPg0KICAgICAgICA8UXVlcnlTdHJpbmdQYXJhbWV0ZXIgTmFtZT0iQ29udGFjdEluZm8uSW52b2ljZS5UYXhOdW1iZXIiIFZhbHVlPSIxMjM0NTYiIFJlY29yZGVkVmFsdWU9IjEyMzQ1NiIgQ29ycmVsYXRpb25CaW5kaW5nPSIiIFVybEVuY29kZT0iRmFsc2UiIFVzZVRvR3JvdXBSZXN1bHRzPSJGYWxzZSIgLz4NCiAgICAgICAgPFF1ZXJ5U3RyaW5nUGFyYW1ldGVyIE5hbWU9IkNvbnRhY3RJbmZvLkludm9pY2UuVGF4T2ZmaWNlIiBWYWx1ZT0iWmluY2lybGlrdXl1IiBSZWNvcmRlZFZhbHVlPSJaaW5jaXJsaWt1eXUiIENvcnJlbGF0aW9uQmluZGluZz0iIiBVcmxFbmNvZGU9IkZhbHNlIiBVc2VUb0dyb3VwUmVzdWx0cz0iRmFsc2UiIC8+DQogICAgICAgIDxRdWVyeVN0cmluZ1BhcmFtZXRlciBOYW1lPSJ0eXBlIiBWYWx1ZT0ieG1sIiBSZWNvcmRlZFZhbHVlPSJ4bWwiIENvcnJlbGF0aW9uQmluZGluZz0iIiBVcmxFbmNvZGU9IkZhbHNlIiBVc2VUb0dyb3VwUmVzdWx0cz0iRmFsc2UiIC8+DQogICAgICA8L1F1ZXJ5U3RyaW5nUGFyYW1ldGVycz4NCiAgICA8L1JlcXVlc3Q+DQogICAgPFJlcXVlc3QgTWV0aG9kPSJHRVQiIEd1aWQ9IjZmNWMxZWE0LTJjN2ItNGNlNC04ZTg2LWYzNWNiNmQzMzE3NSIgVmVyc2lvbj0iMS4xIiBVcmw9Imh0dHA6Ly9sb2NhbGhvc3Q6Mjg4NS9hcGkvRmxpZ2h0L0Jvb2tDaGFyZ2UiIFRoaW5rVGltZT0iMTU4IiBUaW1lb3V0PSIzMDAiIFBhcnNlRGVwZW5kZW50UmVxdWVzdHM9IlRydWUiIEZvbGxvd1JlZGlyZWN0cz0iVHJ1ZSIgUmVjb3JkUmVzdWx0PSJUcnVlIiBDYWNoZT0iRmFsc2UiIFJlc3BvbnNlVGltZUdvYWw9IjAiIEVuY29kaW5nPSJ1dGYtOCIgRXhwZWN0ZWRIdHRwU3RhdHVzQ29kZT0iMCIgRXhwZWN0ZWRSZXNwb25zZVVybD0iIiBSZXBvcnRpbmdOYW1lPSIiIElnbm9yZUh0dHBTdGF0dXNDb2RlPSJGYWxzZSI+DQogICAgICA8UXVlcnlTdHJpbmdQYXJhbWV0ZXJzPg0KICAgICAgICA8UXVlcnlTdHJpbmdQYXJhbWV0ZXIgTmFtZT0icmVmZXJlbmNlSWQiIFZhbHVlPSJmYWQyNDIyMzEwZjQ0MjBhYjhkYjczMWQ2OGExYWQ1NiIgUmVjb3JkZWRWYWx1ZT0iZmFkMjQyMjMxMGY0NDIwYWI4ZGI3MzFkNjhhMWFkNTYiIENvcnJlbGF0aW9uQmluZGluZz0iIiBVcmxFbmNvZGU9IkZhbHNlIiBVc2VUb0dyb3VwUmVzdWx0cz0iRmFsc2UiIC8+DQogICAgICA8L1F1ZXJ5U3RyaW5nUGFyYW1ldGVycz4NCiAgICA8L1JlcXVlc3Q+DQogICAgPFJlcXVlc3QgTWV0aG9kPSJHRVQiIEd1aWQ9IjNkYTE4NmE2LWUzNDUtNGZkNi05ZjEzLTY3NzVmOWJhNDM3NSIgVmVyc2lvbj0iMS4xIiBVcmw9Imh0dHA6Ly9sb2NhbGhvc3Q6Mjg4NS9hcGkvRmxpZ2h0L0Jvb2tDaGFyZ2UiIFRoaW5rVGltZT0iMCIgVGltZW91dD0iMzAwIiBQYXJzZURlcGVuZGVudFJlcXVlc3RzPSJUcnVlIiBGb2xsb3dSZWRpcmVjdHM9IlRydWUiIFJlY29yZFJlc3VsdD0iVHJ1ZSIgQ2FjaGU9IkZhbHNlIiBSZXNwb25zZVRpbWVHb2FsPSIwIiBFbmNvZGluZz0idXRmLTgiIEV4cGVjdGVkSHR0cFN0YXR1c0NvZGU9IjAiIEV4cGVjdGVkUmVzcG9uc2VVcmw9IiIgUmVwb3J0aW5nTmFtZT0iIiBJZ25vcmVIdHRwU3RhdHVzQ29kZT0iRmFsc2UiPg0KICAgICAgPFF1ZXJ5U3RyaW5nUGFyYW1ldGVycz4NCiAgICAgICAgPFF1ZXJ5U3RyaW5nUGFyYW1ldGVyIE5hbWU9InJlZmVyZW5jZUlkIiBWYWx1ZT0iMjY2N2I1MmM3NzI4NDVkOWJlMzcwY2I4Yzg2Y2ZlYmYiIFJlY29yZGVkVmFsdWU9IjI2NjdiNTJjNzcyODQ1ZDliZTM3MGNiOGM4NmNmZWJmIiBDb3JyZWxhdGlvbkJpbmRpbmc9IiIgVXJsRW5jb2RlPSJGYWxzZSIgVXNlVG9Hcm91cFJlc3VsdHM9IkZhbHNlIiAvPg0KICAgICAgPC9RdWVyeVN0cmluZ1BhcmFtZXRlcnM+DQogICAgPC9SZXF1ZXN0Pg0KICA8L0l0ZW1zPg0KICA8VmFsaWRhdGlvblJ1bGVzPg0KICAgIDxWYWxpZGF0aW9uUnVsZSBDbGFzc25hbWU9Ik1pY3Jvc29mdC5WaXN1YWxTdHVkaW8uVGVzdFRvb2xzLldlYlRlc3RpbmcuUnVsZXMuVmFsaWRhdGVSZXNwb25zZVVybCwgTWljcm9zb2Z0LlZpc3VhbFN0dWRpby5RdWFsaXR5VG9vbHMuV2ViVGVzdEZyYW1ld29yaywgVmVyc2lvbj0xMC4wLjAuMCwgQ3VsdHVyZT1uZXV0cmFsLCBQdWJsaWNLZXlUb2tlbj1iMDNmNWY3ZjExZDUwYTNhIiBEaXNwbGF5TmFtZT0iUmVzcG9uc2UgVVJMIiBEZXNjcmlwdGlvbj0iVmFsaWRhdGVzIHRoYXQgdGhlIHJlc3BvbnNlIFVSTCBhZnRlciByZWRpcmVjdHMgYXJlIGZvbGxvd2VkIGlzIHRoZSBzYW1lIGFzIHRoZSByZWNvcmRlZCByZXNwb25zZSBVUkwuICBRdWVyeVN0cmluZyBwYXJhbWV0ZXJzIGFyZSBpZ25vcmVkLiIgTGV2ZWw9IkxvdyIgRXhlY3R1aW9uT3JkZXI9IkJlZm9yZURlcGVuZGVudHMiIC8+DQogICAgPFZhbGlkYXRpb25SdWxlIENsYXNzbmFtZT0iTWljcm9zb2Z0LlZpc3VhbFN0dWRpby5UZXN0VG9vbHMuV2ViVGVzdGluZy5SdWxlcy5WYWxpZGF0aW9uUnVsZVJlc3BvbnNlVGltZUdvYWwsIE1pY3Jvc29mdC5WaXN1YWxTdHVkaW8uUXVhbGl0eVRvb2xzLldlYlRlc3RGcmFtZXdvcmssIFZlcnNpb249MTAuMC4wLjAsIEN1bHR1cmU9bmV1dHJhbCwgUHVibGljS2V5VG9rZW49YjAzZjVmN2YxMWQ1MGEzYSIgRGlzcGxheU5hbWU9IlJlc3BvbnNlIFRpbWUgR29hbCIgRGVzY3JpcHRpb249IlZhbGlkYXRlcyB0aGF0IHRoZSByZXNwb25zZSB0aW1lIGZvciB0aGUgcmVxdWVzdCBpcyBsZXNzIHRoYW4gb3IgZXF1YWwgdG8gdGhlIHJlc3BvbnNlIHRpbWUgZ29hbCBhcyBzcGVjaWZpZWQgb24gdGhlIHJlcXVlc3QuICBSZXNwb25zZSB0aW1lIGdvYWxzIG9mIHplcm8gd2lsbCBiZSBpZ25vcmVkLiIgTGV2ZWw9IkxvdyIgRXhlY3R1aW9uT3JkZXI9IkFmdGVyRGVwZW5kZW50cyI+DQogICAgICA8UnVsZVBhcmFtZXRlcnM+DQogICAgICAgIDxSdWxlUGFyYW1ldGVyIE5hbWU9IlRvbGVyYW5jZSIgVmFsdWU9IjAiIC8+DQogICAgICA8L1J1bGVQYXJhbWV0ZXJzPg0KICAgIDwvVmFsaWRhdGlvblJ1bGU+DQogIDwvVmFsaWRhdGlvblJ1bGVzPg0KPC9XZWJUZXN0Pg==">
      <Execution id="827b0380-2e5f-4087-9ef5-3e4bc6e489d4" />
    </WebTest>
    <LoadTest Name="LoadTest3" Description="" Owner="" storage="c:\users\muratgumus\documents\visual studio 2013\projects\testproject\webloadtest\loadtest3.loadtest" Priority="2147483647" Enabled="true" CssProjectStructure="" CssIteration="" DeploymentItemsEditable="" WorkItemIds="" TraceLevel="None" CurrentRunConfig="Run Settings1" Id="f9907659-f2e0-41af-896a-f9f09e10576d">
      <Scenarios>
        <Scenario Name="Scenario1" DelayBetweenIterations="1" PercentNewUsers="0" IPSwitching="false" TestMixType="PercentageOfTestsStarted" ApplyDistributionToPacingDelay="true" MaxTestIterations="0" DisableDuringWarmup="false" DelayStartTime="0" AllowedAgents="">
          <ThinkProfile Value="0.2" Pattern="NormalDistribution" />
          <LoadProfile Pattern="Step" InitialUsers="1" MaxUsers="3000" StepUsers="150" StepDuration="30" StepRampTime="0" />
          <TestMix>
            <TestProfile Name="WebTest3" Path="c:\users\muratgumus\documents\visual studio 2013\projects\testproject\webloadtest\webtest3.webtest" Id="a4cbb4eb-da83-43cb-9c2c-84010c6ef08a" Percentage="100" Type="Microsoft.VisualStudio.TestTools.WebStress.DeclarativeWebTestElement, Microsoft.VisualStudio.QualityTools.LoadTest, Version=12.0.0.0, Culture=neutral, PublicKeyToken=b03f5f7f11d50a3a" />
          </TestMix>
          <BrowserMix>
            <BrowserProfile Percentage="100">
              <Browser Name="Internet Explorer 9.0" MaxConnections="6">
                <Headers>
                  <Header Name="User-Agent" Value="Mozilla/5.0 (compatible; MSIE 9.0; Windows NT 6.1; Trident/5.0)" />
                  <Header Name="Accept" Value="*/*" />
                  <Header Name="Accept-Language" Value="{{$IEAcceptLanguage}}" />
                  <Header Name="Accept-Encoding" Value="GZIP" />
                </Headers>
              </Browser>
            </BrowserProfile>
          </BrowserMix>
          <NetworkMix>
            <NetworkProfile Percentage="100">
              <Network Name="LAN" BandwidthInKbps="1000000" NetworkProfileConfigurationXml="&lt;Emulation&gt;&lt;VirtualChannel name=&quot;defaultChannel&quot;&gt;&lt;FilterList/&gt;&lt;VirtualLink instances=&quot;1&quot; name=&quot;defaultLink&quot;&gt;&lt;LinkRule dir=&quot;upstream&quot;&gt;&lt;Bandwidth&gt;&lt;Speed unit=&quot;kbps&quot;&gt;1000000&lt;/Speed&gt;&lt;/Bandwidth&gt;&lt;/LinkRule&gt;&lt;LinkRule dir=&quot;downstream&quot;&gt;&lt;Bandwidth&gt;&lt;Speed unit=&quot;kbps&quot;&gt;1000000&lt;/Speed&gt;&lt;/Bandwidth&gt;&lt;/LinkRule&gt;&lt;/VirtualLink&gt;&lt;/VirtualChannel&gt;&lt;/Emulation&gt;" />
            </NetworkProfile>
          </NetworkMix>
        </Scenario>
      </Scenarios>
      <CounterSets>
        <CounterSet Name="MIKADEV-01" CounterSetType="LoadTest" LocId="">
          <CounterCategories>
            <CounterCategory Name="LoadTest:Scenario">
              <Counters>
                <Counter Name="User Load" HigherIsBetter="true" />
                <Counter Name="Tests Running" HigherIsBetter="true" />
              </Counters>
            </CounterCategory>
            <CounterCategory Name="LoadTest:Test">
              <Counters>
                <Counter Name="Total Tests" HigherIsBetter="true" />
                <Counter Name="Passed Tests" HigherIsBetter="true" />
                <Counter Name="Failed Tests" />
                <Counter Name="Tests/Sec" HigherIsBetter="true" />
                <Counter Name="Passed Tests/Sec" HigherIsBetter="true" />
                <Counter Name="Failed Tests/Sec" />
                <Counter Name="Avg. Requests/Test" HigherIsBetter="true" />
                <Counter Name="Avg. Test Time" />
                <Counter Name="% Time in LoadTestPlugin" />
                <Counter Name="% Time in WebTest code" />
                <Counter Name="% Time in Rules" />
              </Counters>
            </CounterCategory>
            <CounterCategory Name="LoadTest:Transaction">
              <Counters>
                <Counter Name="Total Transactions" HigherIsBetter="true" />
                <Counter Name="Avg. Transaction Time" />
                <Counter Name="Avg. Response Time" />
                <Counter Name="Transactions/Sec" HigherIsBetter="true" />
              </Counters>
            </CounterCategory>
            <CounterCategory Name="LoadTest:Errors">
              <Counters>
                <Counter Name="Http Errors" />
                <Counter Name="Validation Rule Errors" />
                <Counter Name="Extraction Rule Errors" />
                <Counter Name="Requests Timed Out" />
                <Counter Name="Exceptions" />
                <Counter Name="Total Errors" />
                <Counter Name="Errors/Sec" />
                <Counter Name="Threshold Violations/Sec" />
              </Counters>
            </CounterCategory>
            <CounterCategory Name="LoadTest:Page">
              <Counters>
                <Counter Name="Total Pages" HigherIsBetter="true" />
                <Counter Name="Avg. Page Time" />
                <Counter Name="Page Response Time Goal" HigherIsBetter="true" />
                <Counter Name="% Pages Meeting Goal" HigherIsBetter="true" />
                <Counter Name="Pages/Sec" HigherIsBetter="true" />
              </Counters>
            </CounterCategory>
            <CounterCategory Name="LoadTest:Request">
              <Counters>
                <Counter Name="Total Requests" HigherIsBetter="true" />
                <Counter Name="Passed Requests" HigherIsBetter="true" />
                <Counter Name="Failed Requests" />
                <Counter Name="Cached Requests" HigherIsBetter="true" />
                <Counter Name="Requests/Sec" HigherIsBetter="true" />
                <Counter Name="Passed Requests/Sec" HigherIsBetter="true" />
                <Counter Name="Failed Requests/Sec" />
                <Counter Name="Avg. First Byte Time" />
                <Counter Name="Avg. Response Time" />
                <Counter Name="Avg. Connection Wait Time">
                  <ThresholdRules>
                    <ThresholdRule Classname="Microsoft.VisualStudio.TestTools.WebStress.Rules.ThresholdRuleCompareCounters, Microsoft.VisualStudio.QualityTools.LoadTest, Version=12.0.0.0, Culture=neutral, PublicKeyToken=b03f5f7f11d50a3a">
                      <RuleParameters>
                        <RuleParameter Name="DependentCategory" Value="LoadTest:Page" />
                        <RuleParameter Name="DependentCounter" Value="Avg. Page Time" />
                        <RuleParameter Name="DependentInstance" Value="_Total" />
                        <RuleParameter Name="AlertIfOver" Value="True" />
                        <RuleParameter Name="WarningThreshold" Value="0.25" />
                        <RuleParameter Name="CriticalThreshold" Value="0.5" />
                      </RuleParameters>
                    </ThresholdRule>
                  </ThresholdRules>
                </Counter>
                <Counter Name="Avg. Content Length" />
              </Counters>
            </CounterCategory>
            <CounterCategory Name="LoadTest:LogEntries">
              <Counters>
                <Counter Name="Total Log Entries" />
                <Counter Name="Log Entries/Sec" />
              </Counters>
            </CounterCategory>
          </CounterCategories>
        </CounterSet>
        <CounterSet Name="Controller" CounterSetType="Controller" LocId="CounterSet_Controller">
          <CounterCategories>
            <CounterCategory Name="Memory">
              <Counters>
                <Counter Name="% Committed Bytes In Use" Range="100" />
                <Counter Name="Available MBytes" RangeGroup="Memory Bytes" HigherIsBetter="true">
                  <ThresholdRules>
                    <ThresholdRule Classname="Microsoft.VisualStudio.TestTools.WebStress.Rules.ThresholdRuleCompareConstant, Microsoft.VisualStudio.QualityTools.LoadTest">
                      <RuleParameters>
                        <RuleParameter Name="AlertIfOver" Value="False" />
                        <RuleParameter Name="WarningThreshold" Value="100" />
                        <RuleParameter Name="CriticalThreshold" Value="50" />
                      </RuleParameters>
                    </ThresholdRule>
                    <ThresholdRule Classname="Microsoft.VisualStudio.TestTools.WebStress.Rules.ThresholdRuleCompareConstant, Microsoft.VisualStudio.QualityTools.LoadTest">
                      <RuleParameters>
                        <RuleParameter Name="AlertIfOver" Value="False" />
                        <RuleParameter Name="WarningThreshold" Value="100" />
                        <RuleParameter Name="CriticalThreshold" Value="50" />
                      </RuleParameters>
                    </ThresholdRule>
                  </ThresholdRules>
                </Counter>
                <Counter Name="Page Faults/sec" />
                <Counter Name="Pages/sec" />
                <Counter Name="Pool Paged Bytes" RangeGroup="Memory Bytes" />
                <Counter Name="Pool Nonpaged bytes" RangeGroup="Memory Bytes" />
              </Counters>
            </CounterCategory>
            <CounterCategory Name="Network Interface">
              <Counters>
                <Counter Name="Bytes Received/sec" RangeGroup="Network Bytes" />
                <Counter Name="Bytes Sent/sec" RangeGroup="Network Bytes" />
                <Counter Name="Output Queue Length">
                  <ThresholdRules>
                    <ThresholdRule Classname="Microsoft.VisualStudio.TestTools.WebStress.Rules.ThresholdRuleCompareConstant, Microsoft.VisualStudio.QualityTools.LoadTest">
                      <RuleParameters>
                        <RuleParameter Name="AlertIfOver" Value="True" />
                        <RuleParameter Name="WarningThreshold" Value="1.5" />
                        <RuleParameter Name="CriticalThreshold" Value="2" />
                      </RuleParameters>
                    </ThresholdRule>
                    <ThresholdRule Classname="Microsoft.VisualStudio.TestTools.WebStress.Rules.ThresholdRuleCompareConstant, Microsoft.VisualStudio.QualityTools.LoadTest">
                      <RuleParameters>
                        <RuleParameter Name="AlertIfOver" Value="True" />
                        <RuleParameter Name="WarningThreshold" Value="1.5" />
                        <RuleParameter Name="CriticalThreshold" Value="2" />
                      </RuleParameters>
                    </ThresholdRule>
                  </ThresholdRules>
                </Counter>
                <Counter Name="Packets Received/sec" RangeGroup="Network Packets" />
                <Counter Name="Packets Sent/sec" RangeGroup="Network Packets" />
                <Counter Name="Current Bandwidth" RangeGroup="Network Bytes" />
                <Counter Name="Bytes Total/sec" RangeGroup="Network Bytes">
                  <ThresholdRules>
                    <ThresholdRule Classname="Microsoft.VisualStudio.TestTools.WebStress.Rules.ThresholdRuleCompareCounters, Microsoft.VisualStudio.QualityTools.LoadTest, Version=12.0.0.0, Culture=neutral, PublicKeyToken=b03f5f7f11d50a3a">
                      <RuleParameters>
                        <RuleParameter Name="DependentCategory" Value="Network Interface" />
                        <RuleParameter Name="DependentCounter" Value="Current Bandwidth" />
                        <RuleParameter Name="DependentInstance" Value="" />
                        <RuleParameter Name="AlertIfOver" Value="True" />
                        <RuleParameter Name="WarningThreshold" Value="0.6" />
                        <RuleParameter Name="CriticalThreshold" Value="0.7" />
                      </RuleParameters>
                    </ThresholdRule>
                    <ThresholdRule Classname="Microsoft.VisualStudio.TestTools.WebStress.Rules.ThresholdRuleCompareCounters, Microsoft.VisualStudio.QualityTools.LoadTest, Version=12.0.0.0, Culture=neutral, PublicKeyToken=b03f5f7f11d50a3a">
                      <RuleParameters>
                        <RuleParameter Name="DependentCategory" Value="Network Interface" />
                        <RuleParameter Name="DependentCounter" Value="Current Bandwidth" />
                        <RuleParameter Name="DependentInstance" Value="" />
                        <RuleParameter Name="AlertIfOver" Value="True" />
                        <RuleParameter Name="WarningThreshold" Value="0.6" />
                        <RuleParameter Name="CriticalThreshold" Value="0.7" />
                      </RuleParameters>
                    </ThresholdRule>
                  </ThresholdRules>
                </Counter>
              </Counters>
              <Instances>
                <Instance Name="*" />
              </Instances>
            </CounterCategory>
            <CounterCategory Name="PhysicalDisk">
              <Counters>
                <Counter Name="% Disk Read Time" Range="100" />
                <Counter Name="% Disk Time" Range="100" />
                <Counter Name="% Disk Write Time" Range="100" />
                <Counter Name="% Idle Time" Range="100" HigherIsBetter="true">
                  <ThresholdRules>
                    <ThresholdRule Classname="Microsoft.VisualStudio.TestTools.WebStress.Rules.ThresholdRuleCompareConstant, Microsoft.VisualStudio.QualityTools.LoadTest">
                      <RuleParameters>
                        <RuleParameter Name="AlertIfOver" Value="False" />
                        <RuleParameter Name="WarningThreshold" Value="40" />
                        <RuleParameter Name="CriticalThreshold" Value="20" />
                      </RuleParameters>
                    </ThresholdRule>
                    <ThresholdRule Classname="Microsoft.VisualStudio.TestTools.WebStress.Rules.ThresholdRuleCompareConstant, Microsoft.VisualStudio.QualityTools.LoadTest">
                      <RuleParameters>
                        <RuleParameter Name="AlertIfOver" Value="False" />
                        <RuleParameter Name="WarningThreshold" Value="40" />
                        <RuleParameter Name="CriticalThreshold" Value="20" />
                      </RuleParameters>
                    </ThresholdRule>
                  </ThresholdRules>
                </Counter>
                <Counter Name="Avg. Disk Bytes/Read" RangeGroup="DiskBytesRate" />
                <Counter Name="Avg. Disk Bytes/Transfer" RangeGroup="DiskBytesRate" />
                <Counter Name="Avg. Disk Bytes/Write" RangeGroup="DiskBytesRate" />
                <Counter Name="Avg. Disk Queue Length" RangeGroup="Disk Queue Length" />
                <Counter Name="Avg. Disk Read Queue Length" RangeGroup="Disk Queue Length" />
                <Counter Name="Avg. Disk Write Queue Length" RangeGroup="Disk Queue Length" />
                <Counter Name="Current Disk Queue Length" RangeGroup="Disk Queue Length" />
                <Counter Name="Avg. Disk sec/Read" RangeGroup="Disk sec" />
                <Counter Name="Avg. Disk sec/Transfer" RangeGroup="Disk sec" />
                <Counter Name="Avg. Disk sec/Write" RangeGroup="Disk sec" />
                <Counter Name="Disk Bytes/sec" RangeGroup="Disk Bytes sec" />
                <Counter Name="Disk Read Bytes/sec" RangeGroup="Disk Bytes sec" />
                <Counter Name="Disk Reads/sec" RangeGroup="Disk Transfers sec" />
                <Counter Name="Disk Transfers/sec" RangeGroup="Disk Transfers sec" />
                <Counter Name="Disk Write Bytes/sec" RangeGroup="Disk Bytes sec" />
                <Counter Name="Disk Writes/sec" RangeGroup="Disk Transfers sec" />
                <Counter Name="Split IO/Sec" RangeGroup="Disk Transfers sec" />
              </Counters>
              <Instances>
                <Instance Name="*" />
              </Instances>
            </CounterCategory>
            <CounterCategory Name="Processor">
              <Counters>
                <Counter Name="% Processor Time" Range="100">
                  <ThresholdRules>
                    <ThresholdRule Classname="Microsoft.VisualStudio.TestTools.WebStress.Rules.ThresholdRuleCompareConstant, Microsoft.VisualStudio.QualityTools.LoadTest">
                      <RuleParameters>
                        <RuleParameter Name="AlertIfOver" Value="True" />
                        <RuleParameter Name="WarningThreshold" Value="75" />
                        <RuleParameter Name="CriticalThreshold" Value="90" />
                      </RuleParameters>
                    </ThresholdRule>
                    <ThresholdRule Classname="Microsoft.VisualStudio.TestTools.WebStress.Rules.ThresholdRuleCompareConstant, Microsoft.VisualStudio.QualityTools.LoadTest">
                      <RuleParameters>
                        <RuleParameter Name="AlertIfOver" Value="True" />
                        <RuleParameter Name="WarningThreshold" Value="75" />
                        <RuleParameter Name="CriticalThreshold" Value="90" />
                      </RuleParameters>
                    </ThresholdRule>
                  </ThresholdRules>
                </Counter>
                <Counter Name="% Privileged Time" Range="100" />
                <Counter Name="% User Time" Range="100" />
              </Counters>
              <Instances>
                <Instance Name="_Total" />
              </Instances>
            </CounterCategory>
            <CounterCategory Name="System">
              <Counters>
                <Counter Name="Context Switches/sec" />
                <Counter Name="Processes" />
                <Counter Name="Processor Queue Length" />
                <Counter Name="Threads" />
              </Counters>
            </CounterCategory>
            <CounterCategory Name="Process">
              <Counters>
                <Counter Name="% Processor Time" RangeGroup="Processor Time" />
                <Counter Name="% Privileged Time" RangeGroup="Processor Time" />
                <Counter Name="% User Time" RangeGroup="Processor Time" />
                <Counter Name="Handle Count" />
                <Counter Name="Thread Count" />
                <Counter Name="Private Bytes" RangeGroup="Memory Bytes" />
                <Counter Name="Virtual Bytes" RangeGroup="Memory Bytes" />
                <Counter Name="Working Set" RangeGroup="Memory Bytes" />
              </Counters>
              <Instances>
                <Instance Name="QTController" />
                <Instance Name="QTController64" />
              </Instances>
            </CounterCategory>
          </CounterCategories>
          <DefaultCountersForAutomaticGraphs>
            <DefaultCounter CategoryName="Processor" CounterName="% Processor Time" InstanceName="_Total" GraphName="" />
            <DefaultCounter CategoryName="Memory" CounterName="Available MBytes" InstanceName="" GraphName="" />
          </DefaultCountersForAutomaticGraphs>
        </CounterSet>
        <CounterSet Name="Agent" CounterSetType="Agent" LocId="CounterSet_Agent">
          <CounterCategories>
            <CounterCategory Name="Memory">
              <Counters>
                <Counter Name="% Committed Bytes In Use" Range="100" />
                <Counter Name="Available MBytes" RangeGroup="Memory Bytes" HigherIsBetter="true">
                  <ThresholdRules>
                    <ThresholdRule Classname="Microsoft.VisualStudio.TestTools.WebStress.Rules.ThresholdRuleCompareConstant, Microsoft.VisualStudio.QualityTools.LoadTest">
                      <RuleParameters>
                        <RuleParameter Name="AlertIfOver" Value="False" />
                        <RuleParameter Name="WarningThreshold" Value="100" />
                        <RuleParameter Name="CriticalThreshold" Value="50" />
                      </RuleParameters>
                    </ThresholdRule>
                  </ThresholdRules>
                </Counter>
                <Counter Name="Page Faults/sec" />
                <Counter Name="Pages/sec" />
                <Counter Name="Pool Paged Bytes" RangeGroup="Memory Bytes" />
                <Counter Name="Pool Nonpaged bytes" RangeGroup="Memory Bytes" />
              </Counters>
            </CounterCategory>
            <CounterCategory Name="Network Interface">
              <Counters>
                <Counter Name="Bytes Received/sec" RangeGroup="Network Bytes" />
                <Counter Name="Bytes Sent/sec" RangeGroup="Network Bytes" />
                <Counter Name="Output Queue Length">
                  <ThresholdRules>
                    <ThresholdRule Classname="Microsoft.VisualStudio.TestTools.WebStress.Rules.ThresholdRuleCompareConstant, Microsoft.VisualStudio.QualityTools.LoadTest">
                      <RuleParameters>
                        <RuleParameter Name="AlertIfOver" Value="True" />
                        <RuleParameter Name="WarningThreshold" Value="1.5" />
                        <RuleParameter Name="CriticalThreshold" Value="2" />
                      </RuleParameters>
                    </ThresholdRule>
                  </ThresholdRules>
                </Counter>
                <Counter Name="Packets Received/sec" RangeGroup="Network Packets" />
                <Counter Name="Packets Sent/sec" RangeGroup="Network Packets" />
                <Counter Name="Current Bandwidth" RangeGroup="Network Bytes" />
                <Counter Name="Bytes Total/sec" RangeGroup="Network Bytes">
                  <ThresholdRules>
                    <ThresholdRule Classname="Microsoft.VisualStudio.TestTools.WebStress.Rules.ThresholdRuleCompareCounters, Microsoft.VisualStudio.QualityTools.LoadTest, Version=12.0.0.0, Culture=neutral, PublicKeyToken=b03f5f7f11d50a3a">
                      <RuleParameters>
                        <RuleParameter Name="DependentCategory" Value="Network Interface" />
                        <RuleParameter Name="DependentCounter" Value="Current Bandwidth" />
                        <RuleParameter Name="DependentInstance" Value="" />
                        <RuleParameter Name="AlertIfOver" Value="True" />
                        <RuleParameter Name="WarningThreshold" Value="0.6" />
                        <RuleParameter Name="CriticalThreshold" Value="0.7" />
                      </RuleParameters>
                    </ThresholdRule>
                  </ThresholdRules>
                </Counter>
              </Counters>
              <Instances>
                <Instance Name="*" />
              </Instances>
            </CounterCategory>
            <CounterCategory Name="PhysicalDisk">
              <Counters>
                <Counter Name="% Disk Read Time" Range="100" />
                <Counter Name="% Disk Time" Range="100" />
                <Counter Name="% Disk Write Time" Range="100" />
                <Counter Name="% Idle Time" Range="100" HigherIsBetter="true">
                  <ThresholdRules>
                    <ThresholdRule Classname="Microsoft.VisualStudio.TestTools.WebStress.Rules.ThresholdRuleCompareConstant, Microsoft.VisualStudio.QualityTools.LoadTest">
                      <RuleParameters>
                        <RuleParameter Name="AlertIfOver" Value="False" />
                        <RuleParameter Name="WarningThreshold" Value="40" />
                        <RuleParameter Name="CriticalThreshold" Value="20" />
                      </RuleParameters>
                    </ThresholdRule>
                  </ThresholdRules>
                </Counter>
                <Counter Name="Avg. Disk Bytes/Read" RangeGroup="DiskBytesRate" />
                <Counter Name="Avg. Disk Bytes/Transfer" RangeGroup="DiskBytesRate" />
                <Counter Name="Avg. Disk Bytes/Write" RangeGroup="DiskBytesRate" />
                <Counter Name="Avg. Disk Queue Length" RangeGroup="Disk Queue Length" />
                <Counter Name="Avg. Disk Read Queue Length" RangeGroup="Disk Queue Length" />
                <Counter Name="Avg. Disk Write Queue Length" RangeGroup="Disk Queue Length" />
                <Counter Name="Current Disk Queue Length" RangeGroup="Disk Queue Length" />
                <Counter Name="Avg. Disk sec/Read" RangeGroup="Disk sec" />
                <Counter Name="Avg. Disk sec/Transfer" RangeGroup="Disk sec" />
                <Counter Name="Avg. Disk sec/Write" RangeGroup="Disk sec" />
                <Counter Name="Disk Bytes/sec" RangeGroup="Disk Bytes sec" />
                <Counter Name="Disk Read Bytes/sec" RangeGroup="Disk Bytes sec" />
                <Counter Name="Disk Reads/sec" RangeGroup="Disk Transfers sec" />
                <Counter Name="Disk Transfers/sec" RangeGroup="Disk Transfers sec" />
                <Counter Name="Disk Write Bytes/sec" RangeGroup="Disk Bytes sec" />
                <Counter Name="Disk Writes/sec" RangeGroup="Disk Transfers sec" />
                <Counter Name="Split IO/Sec" RangeGroup="Disk Transfers sec" />
              </Counters>
              <Instances>
                <Instance Name="*" />
              </Instances>
            </CounterCategory>
            <CounterCategory Name="Processor">
              <Counters>
                <Counter Name="% Processor Time" Range="100">
                  <ThresholdRules>
                    <ThresholdRule Classname="Microsoft.VisualStudio.TestTools.WebStress.Rules.ThresholdRuleCompareConstant, Microsoft.VisualStudio.QualityTools.LoadTest">
                      <RuleParameters>
                        <RuleParameter Name="AlertIfOver" Value="True" />
                        <RuleParameter Name="WarningThreshold" Value="75" />
                        <RuleParameter Name="CriticalThreshold" Value="90" />
                      </RuleParameters>
                    </ThresholdRule>
                  </ThresholdRules>
                </Counter>
                <Counter Name="% Privileged Time" Range="100" />
                <Counter Name="% User Time" Range="100" />
              </Counters>
              <Instances>
                <Instance Name="0" />
                <Instance Name="_Total" />
              </Instances>
            </CounterCategory>
            <CounterCategory Name="System">
              <Counters>
                <Counter Name="Context Switches/sec" />
                <Counter Name="Processes" />
                <Counter Name="Processor Queue Length" />
                <Counter Name="Threads" />
              </Counters>
            </CounterCategory>
            <CounterCategory Name="Process">
              <Counters>
                <Counter Name="% Processor Time" RangeGroup="Processor Time" />
                <Counter Name="% Privileged Time" RangeGroup="Processor Time" />
                <Counter Name="% User Time" RangeGroup="Processor Time" />
                <Counter Name="Handle Count" />
                <Counter Name="Thread Count" />
                <Counter Name="Private Bytes" RangeGroup="Memory Bytes" />
                <Counter Name="Virtual Bytes" RangeGroup="Memory Bytes" />
                <Counter Name="Working Set" RangeGroup="Memory Bytes" />
              </Counters>
              <Instances>
                <Instance Name="devenv" />
                <Instance Name="QTAgentService" />
                <Instance Name="QTAgent" />
                <Instance Name="QTAgent32" />
                <Instance Name="QTDCAgent" />
                <Instance Name="QTDCAgent32" />
                <Instance Name="QTAgent_35" />
                <Instance Name="QTAgent_40" />
                <Instance Name="QTAgent32_35" />
                <Instance Name="QTAgent32_40" />
              </Instances>
            </CounterCategory>
          </CounterCategories>
          <DefaultCountersForAutomaticGraphs>
            <DefaultCounter CategoryName="Processor" CounterName="% Processor Time" InstanceName="0" GraphName="" RunType="Local" />
            <DefaultCounter CategoryName="Processor" CounterName="% Processor Time" InstanceName="_Total" GraphName="" RunType="Remote" />
            <DefaultCounter CategoryName="Memory" CounterName="Available MBytes" InstanceName="" GraphName="" />
          </DefaultCountersForAutomaticGraphs>
        </CounterSet>
      </CounterSets>
      <RunConfigurations>
        <RunConfiguration Name="Run Settings1" Description="" ResultsStoreType="Database" TimingDetailsStorage="None" SaveTestLogsOnError="true" SaveTestLogsFrequency="0" MaxErrorDetails="200" MaxErrorsPerType="1000" MaxThresholdViolations="1000" MaxRequestUrlsReported="1000" UseTestIterations="false" RunDuration="300" WarmupTime="60" CoolDownTime="0" TestIterations="100" WebTestConnectionModel="ConnectionPerUser" WebTestConnectionPoolSize="50" SampleRate="15" ValidationLevel="High" SqlTracingConnectString="" SqlTracingConnectStringDisplayValue="" SqlTracingDirectory="" SqlTracingEnabled="false" SqlTracingFileCount="2" SqlTracingRolloverEnabled="true" SqlTracingMinimumDuration="500" RunUnitTestsInAppDomain="true" CoreCount="0">
          <CounterSetMappings>
            <CounterSetMapping ComputerName="[CONTROLLER MACHINE]">
              <CounterSetReferences>
                <CounterSetReference CounterSetName="LoadTest" />
                <CounterSetReference CounterSetName="Controller" />
              </CounterSetReferences>
            </CounterSetMapping>
            <CounterSetMapping ComputerName="[AGENT MACHINES]">
              <CounterSetReferences>
                <CounterSetReference CounterSetName="Agent" />
              </CounterSetReferences>
            </CounterSetMapping>
          </CounterSetMappings>
        </RunConfiguration>
      </RunConfigurations>
    </LoadTest>
  </TestDefinitions>
  <TestLists>
    <TestList name="Results Not in a List" id="8c84fa94-04c1-424b-9868-57a2d4851a1d" />
    <TestList name="All Loaded Results" id="19431567-8539-422a-85d7-44ee4e166bda" />
  </TestLists>
  <TestEntries>
    <TestEntry isTransparent="false" testId="f9907659-f2e0-41af-896a-f9f09e10576d" executionId="2d758218-edb9-4abe-8b81-5e49579b7918" testListId="8c84fa94-04c1-424b-9868-57a2d4851a1d">
      <TestEntries>
        <TestEntry isTransparent="false" testId="a4cbb4eb-da83-43cb-9c2c-84010c6ef08a" executionId="baf5c8be-76a6-4531-9802-b301f52ecb76" parentExecutionId="2d758218-edb9-4abe-8b81-5e49579b7918" testListId="8c84fa94-04c1-424b-9868-57a2d4851a1d" />
      </TestEntries>
    </TestEntry>
  </TestEntries>
  <Results>
    <LoadTestResult executionId="2d758218-edb9-4abe-8b81-5e49579b7918" testId="f9907659-f2e0-41af-896a-f9f09e10576d" testName="LoadTest3" computerName="MIKADEV-01" duration="00:04:42.5185355" startTime="2014-12-30T13:11:49.9777095+02:00" endTime="2014-12-30T13:16:32.4962450+02:00" testType="fa4c85ff-1236-4463-b954-3ba2f0eabd95" outcome="Aborted" testListId="8c84fa94-04c1-424b-9868-57a2d4851a1d" relativeResultsDirectory="2d758218-edb9-4abe-8b81-5e49579b7918" runId="19" controllerStartTime="2014-12-30T13:11:49.9777095+02:00" runStatus="Stopped" resultsStoreType="Database" resultsRepositoryConnectString="LAs4ogoKlDdZp0u3jKu/yAnXUX6jxUMfhdnQHq8Sok4VZfb7XPiPYsBzv8ofuVf16CezWIhgHRZUMIOZaxefX3eyQ+rOlSuuRcC6Ian1BSrVBKmF2jkcy8jKI0ep+dOT" loadTestDuration="300" loadTestWarmupTime="60" previouslyViewed="true">
      <AnalyzerViewState>
        <LoadTestRunDescriptor isLegendPanelVisible="true" isOverviewPanelVisible="true" isCounterPanelVisible="true" scrollingGraph="false" minMaxGraph="false" showHorizontalGridOnGraph="true" showThresholdsOnGraph="true" showComparison="false" showZoom="true" lockZoom="true" activeConsoleView="Summary" selectedGraphPanel1="Key Indicators" selectedGraphPanel2="Page Response Time" selectedGraphPanel3="System under Test" selectedGraphPanel4="Controller and Agents" graphPanelLayout="FourGrid" tablePanelLayout="TwoHorizontal" selectedTablePanel1="Tests" selectedTablePanel2="Errors" selectedTablePanel3="Thresholds" selectedTablePanel4="Transactions" controllerName="MIKADEV-01" isLocalRun="true" testRunId="965c40bc-960a-4a4e-aea7-ad6ac3bfa680" repositoryRunId="0">
          <GraphDescriptors>
            <GraphDescriptor graphName="Key Indicators">
              <HorizontalZoomRange lower="-1" upper="-1" />
              <VerticalZoomRange lower="0" upper="100" />
              <PlotDescriptors>
                <PlotDescriptor colorArgb="-65536" lineStyle="0" fixedRange="0" rangeGroup="User Load" showOnGraph="true" isSelected="false">
                  <CounterDescriptor machineName="MIKADEV-01" categoryName="LoadTest:Scenario" counterName="User Load" instanceName="_Total" baseInstanceName="_Total" loadTestItemId="-1" />
                </PlotDescriptor>
                <PlotDescriptor colorArgb="-16744448" lineStyle="0" fixedRange="0" rangeGroup="Pages/Sec" showOnGraph="true" isSelected="false">
                  <CounterDescriptor machineName="MIKADEV-01" categoryName="LoadTest:Page" counterName="Pages/Sec" instanceName="_Total" baseInstanceName="_Total" loadTestItemId="-1" />
                </PlotDescriptor>
                <PlotDescriptor colorArgb="-16776961" lineStyle="0" fixedRange="0" rangeGroup="Avg. Page Time" showOnGraph="true" isSelected="false">
                  <CounterDescriptor machineName="MIKADEV-01" categoryName="LoadTest:Page" counterName="Avg. Page Time" instanceName="_Total" baseInstanceName="_Total" loadTestItemId="-1" />
                </PlotDescriptor>
                <PlotDescriptor colorArgb="-8388480" lineStyle="0" fixedRange="0" rangeGroup="Errors/Sec" showOnGraph="true" isSelected="false">
                  <CounterDescriptor machineName="MIKADEV-01" categoryName="LoadTest:Errors" counterName="Errors/Sec" instanceName="_Total" baseInstanceName="_Total" loadTestItemId="-1" />
                </PlotDescriptor>
                <PlotDescriptor colorArgb="-23296" lineStyle="0" fixedRange="0" rangeGroup="Threshold Violations/Sec" showOnGraph="true" isSelected="false">
                  <CounterDescriptor machineName="MIKADEV-01" categoryName="LoadTest:Errors" counterName="Threshold Violations/Sec" instanceName="_Total" baseInstanceName="_Total" loadTestItemId="-1" />
                </PlotDescriptor>
                <PlotDescriptor colorArgb="-16744320" lineStyle="0" fixedRange="0" rangeGroup="Tests Running" showOnGraph="true" isSelected="false">
                  <CounterDescriptor machineName="MIKADEV-01" categoryName="LoadTest:Scenario" counterName="Tests Running" instanceName="_Total" baseInstanceName="_Total" loadTestItemId="-1" />
                </PlotDescriptor>
              </PlotDescriptors>
            </GraphDescriptor>
            <GraphDescriptor graphName="System under Test">
              <HorizontalZoomRange lower="-1" upper="-1" />
              <VerticalZoomRange lower="0" upper="100" />
            </GraphDescriptor>
            <GraphDescriptor graphName="Controller and Agents">
              <HorizontalZoomRange lower="-1" upper="-1" />
              <VerticalZoomRange lower="0" upper="100" />
              <PlotDescriptors>
                <PlotDescriptor colorArgb="-65536" lineStyle="0" fixedRange="100" rangeGroup="% Processor Time" showOnGraph="true" isSelected="false">
                  <CounterDescriptor machineName="MIKADEV-01" categoryName="Processor" counterName="% Processor Time" instanceName="0" baseInstanceName="0" loadTestItemId="-1" />
                </PlotDescriptor>
                <PlotDescriptor colorArgb="-16744448" lineStyle="0" fixedRange="0" rangeGroup="Memory Bytes" showOnGraph="true" isSelected="false">
                  <CounterDescriptor machineName="MIKADEV-01" categoryName="Memory" counterName="Available MBytes" instanceName="systemdiagnosticsperfcounterlibsingleinstance" baseInstanceName="systemdiagnosticsperfcounterlibsingleinstance" loadTestItemId="-1" />
                </PlotDescriptor>
              </PlotDescriptors>
            </GraphDescriptor>
            <GraphDescriptor graphName="Test Response Time">
              <HorizontalZoomRange lower="-1" upper="-1" />
              <VerticalZoomRange lower="0" upper="187" />
              <PlotDescriptors>
                <PlotDescriptor colorArgb="-65536" lineStyle="0" fixedRange="187" rangeGroup="Avg. Test Time" showOnGraph="true" isSelected="false" counterMetadata="WebTest3;Scenario1">
                  <CounterDescriptor machineName="MIKADEV-01" categoryName="LoadTest:Test" counterName="Avg. Test Time" instanceName="WebTest3(000)" baseInstanceName="WebTest3" loadTestItemId="0" />
                </PlotDescriptor>
              </PlotDescriptors>
            </GraphDescriptor>
            <GraphDescriptor graphName="Transaction Response Time">
              <HorizontalZoomRange lower="-1" upper="-1" />
              <VerticalZoomRange lower="0" upper="100" />
            </GraphDescriptor>
            <GraphDescriptor graphName="Page Response Time">
              <HorizontalZoomRange lower="-1" upper="-1" />
              <VerticalZoomRange lower="0" upper="13" />
              <PlotDescriptors>
                <PlotDescriptor colorArgb="-65536" lineStyle="0" fixedRange="13" rangeGroup="Avg. Page Time" showOnGraph="true" isSelected="true" counterMetadata="WebTest3;Scenario1;http://localhost:2885/api/Flight/Book----{GET}">
                  <CounterDescriptor machineName="MIKADEV-01" categoryName="LoadTest:Page" counterName="Avg. Page Time" instanceName="Book{GET}(001)" baseInstanceName="Book{GET}" loadTestItemId="1" />
                </PlotDescriptor>
                <PlotDescriptor colorArgb="-16744448" lineStyle="0" fixedRange="13" rangeGroup="Avg. Page Time" showOnGraph="true" isSelected="false" counterMetadata="WebTest3;Scenario1;http://localhost:2885/api/Flight/BookCharge----{GET}">
                  <CounterDescriptor machineName="MIKADEV-01" categoryName="LoadTest:Page" counterName="Avg. Page Time" instanceName="BookCharge{GET}(000)" baseInstanceName="BookCharge{GET}" loadTestItemId="0" />
                </PlotDescriptor>
              </PlotDescriptors>
            </GraphDescriptor>
          </GraphDescriptors>
        </LoadTestRunDescriptor>
      </AnalyzerViewState>
      <Summary>
        <PerformanceCounterResults>
          <PerformanceCounterResult isOverallResultCounter="true" higherIsBetter="true" machineName="MIKADEV-01" categoryName="LoadTest:Scenario" counterName="User Load" instanceName="_Total" value="1051" />
          <PerformanceCounterResult isOverallResultCounter="true" higherIsBetter="true" machineName="MIKADEV-01" categoryName="LoadTest:Test" counterName="Total Tests" instanceName="_Total" value="28" />
          <PerformanceCounterResult isOverallResultCounter="true" higherIsBetter="false" machineName="MIKADEV-01" categoryName="LoadTest:Test" counterName="Failed Tests" instanceName="_Total" value="0" />
          <PerformanceCounterResult isOverallResultCounter="true" higherIsBetter="true" machineName="MIKADEV-01" categoryName="LoadTest:Test" counterName="Tests/Sec" instanceName="_Total" value="0.125832215" />
          <PerformanceCounterResult isOverallResultCounter="true" higherIsBetter="false" machineName="MIKADEV-01" categoryName="LoadTest:Test" counterName="Avg. Test Time" instanceName="_Total" value="170.067612" />
          <PerformanceCounterResult isOverallResultCounter="true" higherIsBetter="true" machineName="MIKADEV-01" categoryName="LoadTest:Request" counterName="Total Requests" instanceName="_Total" value="7272" />
          <PerformanceCounterResult isOverallResultCounter="true" higherIsBetter="false" machineName="MIKADEV-01" categoryName="LoadTest:Request" counterName="Failed Requests" instanceName="_Total" value="0" />
          <PerformanceCounterResult isOverallResultCounter="true" higherIsBetter="true" machineName="MIKADEV-01" categoryName="LoadTest:Request" counterName="Cached Requests" instanceName="_Total" value="0" />
          <PerformanceCounterResult isOverallResultCounter="true" higherIsBetter="true" machineName="MIKADEV-01" categoryName="LoadTest:Request" counterName="Requests/Sec" instanceName="_Total" value="32.6804237" />
          <PerformanceCounterResult isOverallResultCounter="true" higherIsBetter="false" machineName="MIKADEV-01" categoryName="LoadTest:Request" counterName="Avg. Response Time" instanceName="_Total" value="4.11952066" />
          <PerformanceCounterResult isOverallResultCounter="false" higherIsBetter="false" machineName="MIKADEV-01" categoryName="Processor" counterName="% Processor Time" instanceName="_Total" value="44.7560959" />
          <PerformanceCounterResult isOverallResultCounter="false" higherIsBetter="true" machineName="MIKADEV-01" categoryName="Memory" counterName="Available MBytes" instanceName="-" value="25823" />
          <PerformanceCounterResult isOverallResultCounter="false" higherIsBetter="false" machineName="MIKADEV-01" categoryName="Network Interface" counterName="Bytes Received/sec" instanceName="realtek pcie gbe family controller" value="36412.707" />
          <PerformanceCounterResult isOverallResultCounter="false" higherIsBetter="false" machineName="MIKADEV-01" categoryName="Network Interface" counterName="Bytes Received/sec" instanceName="teredo tunneling pseudo-interface" value="0" />
          <PerformanceCounterResult isOverallResultCounter="false" higherIsBetter="false" machineName="MIKADEV-01" categoryName="Network Interface" counterName="Bytes Received/sec" instanceName="intel[r] centrino[r] wireless-n 2230" value="0" />
          <PerformanceCounterResult isOverallResultCounter="false" higherIsBetter="false" machineName="MIKADEV-01" categoryName="Network Interface" counterName="Bytes Received/sec" instanceName="isatap.mikanetwork.com" value="0" />
          <PerformanceCounterResult isOverallResultCounter="false" higherIsBetter="false" machineName="MIKADEV-01" categoryName="Network Interface" counterName="Bytes Sent/sec" instanceName="realtek pcie gbe family controller" value="50348.95" />
          <PerformanceCounterResult isOverallResultCounter="false" higherIsBetter="false" machineName="MIKADEV-01" categoryName="Network Interface" counterName="Bytes Sent/sec" instanceName="teredo tunneling pseudo-interface" value="0" />
          <PerformanceCounterResult isOverallResultCounter="false" higherIsBetter="false" machineName="MIKADEV-01" categoryName="Network Interface" counterName="Bytes Sent/sec" instanceName="intel[r] centrino[r] wireless-n 2230" value="0" />
          <PerformanceCounterResult isOverallResultCounter="false" higherIsBetter="false" machineName="MIKADEV-01" categoryName="Network Interface" counterName="Bytes Sent/sec" instanceName="isatap.mikanetwork.com" value="0" />
        </PerformanceCounterResults>
        <PageSummaries>
          <PageSummary scenarioName="Scenario1" testName="WebTest3" url="Book{GET}" pageCount="2749" responseTime="8372" />
          <PageSummary scenarioName="Scenario1" testName="WebTest3" url="BookCharge{GET}" pageCount="1705" responseTime="3842" />
        </PageSummaries>
        <TestSummaries>
          <TestSummary scenarioName="Scenario1" testName="WebTest3" totalTests="28" testsFailed="0" averageDuration="170067" />
        </TestSummaries>
      </Summary>
    </LoadTestResult>
  </Results>
</TestRun>